bash ./script/rootless/nerdctl.sh run --rm docker.io/hinshun/hello:nix
brk(NULL)                               = 0x4ea000
arch_prctl(0x3001 /* ARCH_??? */, 0x7fffffffa2f0) = -1 EINVAL (Invalid argument)
mmap(NULL, 8192, PROT_READ|PROT_WRITE, MAP_PRIVATE|MAP_ANONYMOUS, -1, 0) = 0x7ffff7fc2000
access("/etc/ld-nix.so.preload", R_OK)  = -1 ENOENT (No such file or directory)
openat(AT_FDCWD, "/nix/store/3n58xw4373jp0ljirf06d8077j15pc4j-glibc-2.37-8/lib/glibc-hwcaps/x86-64-v4/libdl.so.2", O_RDONLY|O_CLOEXEC) = -1 ENOENT (No such file or directory)
newfstatat(AT_FDCWD, "/nix/store/3n58xw4373jp0ljirf06d8077j15pc4j-glibc-2.37-8/lib/glibc-hwcaps/x86-64-v4", 0x7fffffff9520, 0) = -1 ENOENT (No such file or directory)
openat(AT_FDCWD, "/nix/store/3n58xw4373jp0ljirf06d8077j15pc4j-glibc-2.37-8/lib/glibc-hwcaps/x86-64-v3/libdl.so.2", O_RDONLY|O_CLOEXEC) = -1 ENOENT (No such file or directory)
newfstatat(AT_FDCWD, "/nix/store/3n58xw4373jp0ljirf06d8077j15pc4j-glibc-2.37-8/lib/glibc-hwcaps/x86-64-v3", 0x7fffffff9520, 0) = -1 ENOENT (No such file or directory)
openat(AT_FDCWD, "/nix/store/3n58xw4373jp0ljirf06d8077j15pc4j-glibc-2.37-8/lib/glibc-hwcaps/x86-64-v2/libdl.so.2", O_RDONLY|O_CLOEXEC) = -1 ENOENT (No such file or directory)
newfstatat(AT_FDCWD, "/nix/store/3n58xw4373jp0ljirf06d8077j15pc4j-glibc-2.37-8/lib/glibc-hwcaps/x86-64-v2", 0x7fffffff9520, 0) = -1 ENOENT (No such file or directory)
openat(AT_FDCWD, "/nix/store/3n58xw4373jp0ljirf06d8077j15pc4j-glibc-2.37-8/lib/libdl.so.2", O_RDONLY|O_CLOEXEC) = 3
read(3, "\177ELF\2\1\1\0\0\0\0\0\0\0\0\0\3\0>\0\1\0\0\0\0\0\0\0\0\0\0\0"..., 832) = 832
mmap(NULL, 16400, PROT_READ, MAP_PRIVATE|MAP_DENYWRITE, 3, 0) = 0x7ffff7fbd000
mmap(0x7ffff7fbe000, 4096, PROT_READ|PROT_EXEC, MAP_PRIVATE|MAP_FIXED|MAP_DENYWRITE, 3, 0x1000) = 0x7ffff7fbe000
mmap(0x7ffff7fbf000, 4096, PROT_READ, MAP_PRIVATE|MAP_FIXED|MAP_DENYWRITE, 3, 0x2000) = 0x7ffff7fbf000
mmap(0x7ffff7fc0000, 8192, PROT_READ|PROT_WRITE, MAP_PRIVATE|MAP_FIXED|MAP_DENYWRITE, 3, 0x2000) = 0x7ffff7fc0000
openat(AT_FDCWD, "/nix/store/3n58xw4373jp0ljirf06d8077j15pc4j-glibc-2.37-8/lib/libc.so.6", O_RDONLY|O_CLOEXEC) = 3
read(3, "\177ELF\2\1\1\3\0\0\0\0\0\0\0\0\3\0>\0\1\0\0\0\220<\2\0\0\0\0\0"..., 832) = 832
pread64(3, "\6\0\0\0\4\0\0\0@\0\0\0\0\0\0\0@\0\0\0\0\0\0\0@\0\0\0\0\0\0\0"..., 784, 64) = 784
pread64(3, "\6\0\0\0\4\0\0\0@\0\0\0\0\0\0\0@\0\0\0\0\0\0\0@\0\0\0\0\0\0\0"..., 784, 64) = 784
mmap(NULL, 1990000, PROT_READ, MAP_PRIVATE|MAP_DENYWRITE, 3, 0) = 0x7ffff7dd7000
mmap(0x7ffff7df9000, 1413120, PROT_READ|PROT_EXEC, MAP_PRIVATE|MAP_FIXED|MAP_DENYWRITE, 3, 0x22000) = 0x7ffff7df9000
mmap(0x7ffff7f52000, 360448, PROT_READ, MAP_PRIVATE|MAP_FIXED|MAP_DENYWRITE, 3, 0x17b000) = 0x7ffff7f52000
mmap(0x7ffff7faa000, 24576, PROT_READ|PROT_WRITE, MAP_PRIVATE|MAP_FIXED|MAP_DENYWRITE, 3, 0x1d3000) = 0x7ffff7faa000
mmap(0x7ffff7fb0000, 52592, PROT_READ|PROT_WRITE, MAP_PRIVATE|MAP_FIXED|MAP_ANONYMOUS, -1, 0) = 0x7ffff7fb0000
mmap(NULL, 12288, PROT_READ|PROT_WRITE, MAP_PRIVATE|MAP_ANONYMOUS, -1, 0) = 0x7ffff7dd4000
set_tid_address(0x7ffff7dd4a10)         = 513334
openat(AT_FDCWD, "/dev/tty", O_RDWR|O_NONBLOCK) = 3
brk(NULL)                               = 0x4ea000
brk(0x4eb000)                           = 0x4eb000
brk(0x4ec000)                           = 0x4ec000
openat(AT_FDCWD, "/run/current-system/sw/lib/locale/locale-archive", O_RDONLY|O_CLOEXEC) = 3
mmap(NULL, 3063184, PROT_READ, MAP_PRIVATE, 3, 0) = 0x7ffff7a00000
brk(0x4ed000)                           = 0x4ed000
brk(0x4ee000)                           = 0x4ee000
brk(0x4ef000)                           = 0x4ef000
openat(AT_FDCWD, "/nix/store/3n58xw4373jp0ljirf06d8077j15pc4j-glibc-2.37-8/lib/gconv/gconv-modules.cache", O_RDONLY) = -1 ENOENT (No such file or directory)
openat(AT_FDCWD, "/nix/store/3n58xw4373jp0ljirf06d8077j15pc4j-glibc-2.37-8/lib/gconv/gconv-modules", O_RDONLY|O_CLOEXEC) = 3
brk(0x4f1000)                           = 0x4f1000
read(3, "# GNU libc iconv configuration.\n"..., 4096) = 3916
brk(0x4f2000)                           = 0x4f2000
openat(AT_FDCWD, "/nix/store/3n58xw4373jp0ljirf06d8077j15pc4j-glibc-2.37-8/lib/gconv/gconv-modules.d", O_RDONLY|O_NONBLOCK|O_CLOEXEC|O_DIRECTORY) = 3
brk(0x502000)                           = 0x502000
getdents64(3, 0x4f2040 /* 3 entries */, 32768) = 96
openat(AT_FDCWD, "/nix/store/3n58xw4373jp0ljirf06d8077j15pc4j-glibc-2.37-8/lib/gconv/gconv-modules.d/gconv-modules-extra.conf", O_RDONLY|O_CLOEXEC) = 4
read(4, "# GNU libc iconv configuration.\n"..., 4096) = 4096
brk(0x503000)                           = 0x503000
brk(0x504000)                           = 0x504000
brk(0x505000)                           = 0x505000
read(4, "B1002//\tJUS_I.B1.002//\nmodule\tJU"..., 4096) = 4096
brk(0x506000)                           = 0x506000
brk(0x507000)                           = 0x507000
brk(0x508000)                           = 0x508000
brk(0x509000)                           = 0x509000
brk(0x50a000)                           = 0x50a000
read(4, "59-5//\nalias\tISO_8859-5//\t\tISO-8"..., 4096) = 4096
brk(0x50b000)                           = 0x50b000
brk(0x50c000)                           = 0x50c000
brk(0x50d000)                           = 0x50d000
brk(0x50e000)                           = 0x50e000
read(4, "59-16//\t\tINTERNAL\t\tISO8859-16\t1\n"..., 4096) = 4096
brk(0x50f000)                           = 0x50f000
brk(0x510000)                           = 0x510000
brk(0x511000)                           = 0x511000
brk(0x512000)                           = 0x512000
brk(0x513000)                           = 0x513000
read(4, "-SE-A\t1\nmodule\tINTERNAL\t\tEBCDIC-"..., 4096) = 4096
brk(0x514000)                           = 0x514000
brk(0x515000)                           = 0x515000
brk(0x516000)                           = 0x516000
brk(0x517000)                           = 0x517000
read(4, "97\t\t1\n\n#\tfrom\t\t\tto\t\t\tmodule\t\tcos"..., 4096) = 4096
brk(0x518000)                           = 0x518000
brk(0x519000)                           = 0x519000
brk(0x51a000)                           = 0x51a000
brk(0x51b000)                           = 0x51b000
brk(0x51c000)                           = 0x51c000
read(4, "1\n\n#\tfrom\t\t\tto\t\t\tmodule\t\tcost\nal"..., 4096) = 4096
brk(0x51d000)                           = 0x51d000
brk(0x51e000)                           = 0x51e000
brk(0x51f000)                           = 0x51f000
brk(0x520000)                           = 0x520000
brk(0x521000)                           = 0x521000
read(4, "6//\t\tIBM1046//\nalias\tCP1046//\t\tI"..., 4096) = 4096
brk(0x522000)                           = 0x522000
brk(0x523000)                           = 0x523000
brk(0x524000)                           = 0x524000
brk(0x525000)                           = 0x525000
read(4, "\tto\t\t\tmodule\t\tcost\nalias\tRUSCII/"..., 4096) = 4096
brk(0x526000)                           = 0x526000
brk(0x527000)                           = 0x527000
brk(0x528000)                           = 0x528000
brk(0x529000)                           = 0x529000
brk(0x52a000)                           = 0x52a000
read(4, "03//\nmodule\tCSN_369103//\t\tINTERN"..., 4096) = 4096
brk(0x52b000)                           = 0x52b000
brk(0x52c000)                           = 0x52c000
brk(0x52d000)                           = 0x52d000
brk(0x52e000)                           = 0x52e000
brk(0x52f000)                           = 0x52f000
read(4, "\tmodule\t\tcost\nalias\tISO-IR-8-1//"..., 4096) = 4096
brk(0x530000)                           = 0x530000
brk(0x531000)                           = 0x531000
brk(0x532000)                           = 0x532000
brk(0x533000)                           = 0x533000
read(4, "IBM1156\t\t1\n\n#\tfrom\t\t\tto\t\t\tmodule"..., 4096) = 4096
brk(0x534000)                           = 0x534000
brk(0x535000)                           = 0x535000
brk(0x536000)                           = 0x536000
brk(0x537000)                           = 0x537000
brk(0x538000)                           = 0x538000
brk(0x539000)                           = 0x539000
read(4, "\t\tIBM1166//\nalias\tCP1166//\t\tIBM1"..., 4096) = 4096
brk(0x53a000)                           = 0x53a000
brk(0x53b000)                           = 0x53b000
brk(0x53c000)                           = 0x53c000
brk(0x53d000)                           = 0x53d000
read(4, "alias\tROMAN9//\t\tHP-ROMAN9//\nalia"..., 4096) = 726
brk(0x53e000)                           = 0x53e000
brk(0x53f000)                           = 0x53f000
brk(0x540000)                           = 0x540000
brk(0x544000)                           = 0x544000
brk(0x546000)                           = 0x546000
brk(0x548000)                           = 0x548000
brk(0x549000)                           = 0x549000
brk(0x54a000)                           = 0x54a000
brk(0x54b000)                           = 0x54b000
brk(0x54c000)                           = 0x54c000
brk(0x54d000)                           = 0x54d000
brk(0x54e000)                           = 0x54e000
brk(0x54f000)                           = 0x54f000
brk(0x550000)                           = 0x550000
brk(0x551000)                           = 0x551000
brk(0x552000)                           = 0x552000
brk(0x553000)                           = 0x553000
brk(0x555000)                           = 0x555000
getcwd("/", 4096)                       = 2
getpid()                                = 513334
getppid()                               = 513331
getpid()                                = 513334
getppid()                               = 513331
getpid()                                = 513334
getppid()                               = 513331
brk(0x559000)                           = 0x559000
brk(0x55d000)                           = 0x55d000
getpgrp()                               = 513326
ioctl(2, TIOCGPGRP, 0x7fffffffa024)     = -1 ENOTTY (Inappropriate ioctl for device)
ioctl(2, TIOCGPGRP, 0x7fffffff9fe4)     = -1 ENOTTY (Inappropriate ioctl for device)
brk(0x55e000)                           = 0x55e000
brk(0x55f000)                           = 0x55f000
brk(0x560000)                           = 0x560000
brk(0x561000)                           = 0x561000
brk(0x562000)                           = 0x562000
brk(0x563000)                           = 0x563000
brk(0x564000)                           = 0x564000
openat(AT_FDCWD, "/nix/store/gxs6sbh3wl7pim7qp412s5b9fn06k9mi-nerdctl-1.4.0/bin/nerdctl", O_RDONLY) = 3
ioctl(3, TCGETS, 0x7fffffffa120)        = -1 ENOTTY (Inappropriate ioctl for device)
read(3, "#! /nix/store/51sszqz1d9kpx480sc"..., 80) = 80
fcntl(255, F_GETFD)                     = -1 EBADF (Bad file descriptor)
dup2(3, 255)                            = 255
fcntl(255, F_GETFL)                     = 0x8000 (flags O_RDONLY|O_LARGEFILE)
brk(0x565000)                           = 0x565000
read(255, "#! /nix/store/51sszqz1d9kpx480sc"..., 699) = 699
brk(0x567000)                           = 0x567000
brk(0x568000)                           = 0x568000
brk(0x56a000)                           = 0x56a000
brk(0x56c000)                           = 0x56c000
brk(0x56a000)                           = 0x56a000
brk(0x56e000)                           = 0x56e000
brk(0x572000)                           = 0x572000
brk(0x576000)                           = 0x576000
brk(0x572000)                           = 0x572000
brk(0x573000)                           = 0x573000
brk(NULL)                               = 0x24b5000
arch_prctl(0x3001 /* ARCH_??? */, 0x7fffffffa310) = -1 EINVAL (Invalid argument)
mmap(NULL, 8192, PROT_READ|PROT_WRITE, MAP_PRIVATE|MAP_ANONYMOUS, -1, 0) = 0x7ffff7fc2000
access("/etc/ld-nix.so.preload", R_OK)  = -1 ENOENT (No such file or directory)
openat(AT_FDCWD, "/nix/store/3n58xw4373jp0ljirf06d8077j15pc4j-glibc-2.37-8/lib/glibc-hwcaps/x86-64-v4/libresolv.so.2", O_RDONLY|O_CLOEXEC) = -1 ENOENT (No such file or directory)
newfstatat(AT_FDCWD, "/nix/store/3n58xw4373jp0ljirf06d8077j15pc4j-glibc-2.37-8/lib/glibc-hwcaps/x86-64-v4", 0x7fffffff9540, 0) = -1 ENOENT (No such file or directory)
openat(AT_FDCWD, "/nix/store/3n58xw4373jp0ljirf06d8077j15pc4j-glibc-2.37-8/lib/glibc-hwcaps/x86-64-v3/libresolv.so.2", O_RDONLY|O_CLOEXEC) = -1 ENOENT (No such file or directory)
newfstatat(AT_FDCWD, "/nix/store/3n58xw4373jp0ljirf06d8077j15pc4j-glibc-2.37-8/lib/glibc-hwcaps/x86-64-v3", 0x7fffffff9540, 0) = -1 ENOENT (No such file or directory)
openat(AT_FDCWD, "/nix/store/3n58xw4373jp0ljirf06d8077j15pc4j-glibc-2.37-8/lib/glibc-hwcaps/x86-64-v2/libresolv.so.2", O_RDONLY|O_CLOEXEC) = -1 ENOENT (No such file or directory)
newfstatat(AT_FDCWD, "/nix/store/3n58xw4373jp0ljirf06d8077j15pc4j-glibc-2.37-8/lib/glibc-hwcaps/x86-64-v2", 0x7fffffff9540, 0) = -1 ENOENT (No such file or directory)
openat(AT_FDCWD, "/nix/store/3n58xw4373jp0ljirf06d8077j15pc4j-glibc-2.37-8/lib/libresolv.so.2", O_RDONLY|O_CLOEXEC) = 3
read(3, "\177ELF\2\1\1\0\0\0\0\0\0\0\0\0\3\0>\0\1\0\0\0\0\0\0\0\0\0\0\0"..., 832) = 832
mmap(NULL, 75912, PROT_READ, MAP_PRIVATE|MAP_DENYWRITE, 3, 0) = 0x7ffff7faf000
mmap(0x7ffff7fb2000, 36864, PROT_READ|PROT_EXEC, MAP_PRIVATE|MAP_FIXED|MAP_DENYWRITE, 3, 0x3000) = 0x7ffff7fb2000
mmap(0x7ffff7fbb000, 12288, PROT_READ, MAP_PRIVATE|MAP_FIXED|MAP_DENYWRITE, 3, 0xc000) = 0x7ffff7fbb000
mmap(0x7ffff7fbe000, 8192, PROT_READ|PROT_WRITE, MAP_PRIVATE|MAP_FIXED|MAP_DENYWRITE, 3, 0xe000) = 0x7ffff7fbe000
mmap(0x7ffff7fc0000, 6280, PROT_READ|PROT_WRITE, MAP_PRIVATE|MAP_FIXED|MAP_ANONYMOUS, -1, 0) = 0x7ffff7fc0000
openat(AT_FDCWD, "/nix/store/3n58xw4373jp0ljirf06d8077j15pc4j-glibc-2.37-8/lib/libpthread.so.0", O_RDONLY|O_CLOEXEC) = 3
read(3, "\177ELF\2\1\1\0\0\0\0\0\0\0\0\0\3\0>\0\1\0\0\0\0\0\0\0\0\0\0\0"..., 832) = 832
mmap(NULL, 16400, PROT_READ, MAP_PRIVATE|MAP_DENYWRITE, 3, 0) = 0x7ffff7faa000
mmap(0x7ffff7fab000, 4096, PROT_READ|PROT_EXEC, MAP_PRIVATE|MAP_FIXED|MAP_DENYWRITE, 3, 0x1000) = 0x7ffff7fab000
mmap(0x7ffff7fac000, 4096, PROT_READ, MAP_PRIVATE|MAP_FIXED|MAP_DENYWRITE, 3, 0x2000) = 0x7ffff7fac000
mmap(0x7ffff7fad000, 8192, PROT_READ|PROT_WRITE, MAP_PRIVATE|MAP_FIXED|MAP_DENYWRITE, 3, 0x2000) = 0x7ffff7fad000
openat(AT_FDCWD, "/nix/store/3n58xw4373jp0ljirf06d8077j15pc4j-glibc-2.37-8/lib/libdl.so.2", O_RDONLY|O_CLOEXEC) = 3
read(3, "\177ELF\2\1\1\0\0\0\0\0\0\0\0\0\3\0>\0\1\0\0\0\0\0\0\0\0\0\0\0"..., 832) = 832
mmap(NULL, 16400, PROT_READ, MAP_PRIVATE|MAP_DENYWRITE, 3, 0) = 0x7ffff7fa5000
mmap(0x7ffff7fa6000, 4096, PROT_READ|PROT_EXEC, MAP_PRIVATE|MAP_FIXED|MAP_DENYWRITE, 3, 0x1000) = 0x7ffff7fa6000
mmap(0x7ffff7fa7000, 4096, PROT_READ, MAP_PRIVATE|MAP_FIXED|MAP_DENYWRITE, 3, 0x2000) = 0x7ffff7fa7000
mmap(0x7ffff7fa8000, 8192, PROT_READ|PROT_WRITE, MAP_PRIVATE|MAP_FIXED|MAP_DENYWRITE, 3, 0x2000) = 0x7ffff7fa8000
openat(AT_FDCWD, "/nix/store/3n58xw4373jp0ljirf06d8077j15pc4j-glibc-2.37-8/lib/libc.so.6", O_RDONLY|O_CLOEXEC) = 3
read(3, "\177ELF\2\1\1\3\0\0\0\0\0\0\0\0\3\0>\0\1\0\0\0\220<\2\0\0\0\0\0"..., 832) = 832
pread64(3, "\6\0\0\0\4\0\0\0@\0\0\0\0\0\0\0@\0\0\0\0\0\0\0@\0\0\0\0\0\0\0"..., 784, 64) = 784
pread64(3, "\6\0\0\0\4\0\0\0@\0\0\0\0\0\0\0@\0\0\0\0\0\0\0@\0\0\0\0\0\0\0"..., 784, 64) = 784
mmap(NULL, 1990000, PROT_READ, MAP_PRIVATE|MAP_DENYWRITE, 3, 0) = 0x7ffff7dbf000
mmap(0x7ffff7de1000, 1413120, PROT_READ|PROT_EXEC, MAP_PRIVATE|MAP_FIXED|MAP_DENYWRITE, 3, 0x22000) = 0x7ffff7de1000
mmap(0x7ffff7f3a000, 360448, PROT_READ, MAP_PRIVATE|MAP_FIXED|MAP_DENYWRITE, 3, 0x17b000) = 0x7ffff7f3a000
mmap(0x7ffff7f92000, 24576, PROT_READ|PROT_WRITE, MAP_PRIVATE|MAP_FIXED|MAP_DENYWRITE, 3, 0x1d3000) = 0x7ffff7f92000
mmap(0x7ffff7f98000, 52592, PROT_READ|PROT_WRITE, MAP_PRIVATE|MAP_FIXED|MAP_ANONYMOUS, -1, 0) = 0x7ffff7f98000
mmap(NULL, 8192, PROT_READ|PROT_WRITE, MAP_PRIVATE|MAP_ANONYMOUS, -1, 0) = 0x7ffff7dbd000
set_tid_address(0x7ffff7dbdf10)         = 513334
getrandom("\xe9\x3d\xaa\x6c\xd0\x95\x92\x44", 8, GRND_NONBLOCK) = 8
brk(NULL)                               = 0x24b5000
brk(0x24d6000)                          = 0x24d6000
sched_getaffinity(0, 8192, [0 1 2 3 4 5 6 7 8 9 10 11]) = 8
openat(AT_FDCWD, "/sys/kernel/mm/transparent_hugepage/hpage_pmd_size", O_RDONLY) = 3
read(3, "2097152\n", 20)                = 8
mmap(NULL, 262144, PROT_READ|PROT_WRITE, MAP_PRIVATE|MAP_ANONYMOUS, -1, 0) = 0x7ffff7d7d000
mmap(NULL, 131072, PROT_NONE, MAP_PRIVATE|MAP_ANONYMOUS, -1, 0) = 0x7ffff7d5d000
mmap(NULL, 1048576, PROT_NONE, MAP_PRIVATE|MAP_ANONYMOUS, -1, 0) = 0x7ffff7c5d000
mmap(NULL, 8388608, PROT_NONE, MAP_PRIVATE|MAP_ANONYMOUS, -1, 0) = 0x7ffff745d000
mmap(NULL, 67108864, PROT_NONE, MAP_PRIVATE|MAP_ANONYMOUS, -1, 0) = 0x7ffff345d000
mmap(NULL, 536870912, PROT_NONE, MAP_PRIVATE|MAP_ANONYMOUS, -1, 0) = 0x7fffd345d000
mmap(NULL, 8388608, PROT_NONE, MAP_PRIVATE|MAP_ANONYMOUS, -1, 0) = 0x7fffd2c5d000
mmap(0xc000000000, 67108864, PROT_NONE, MAP_PRIVATE|MAP_ANONYMOUS, -1, 0) = 0xc000000000
mmap(NULL, 33554432, PROT_READ|PROT_WRITE, MAP_PRIVATE|MAP_ANONYMOUS, -1, 0) = 0x7fffd0c5d000
mmap(NULL, 1133584, PROT_READ|PROT_WRITE, MAP_PRIVATE|MAP_ANONYMOUS, -1, 0) = 0x7fffd0b48000
mmap(0xc000000000, 4194304, PROT_READ|PROT_WRITE, MAP_PRIVATE|MAP_FIXED|MAP_ANONYMOUS, -1, 0) = 0xc000000000
mmap(0x7ffff7d5d000, 131072, PROT_READ|PROT_WRITE, MAP_PRIVATE|MAP_FIXED|MAP_ANONYMOUS, -1, 0) = 0x7ffff7d5d000
mmap(0x7ffff7cdd000, 4096, PROT_READ|PROT_WRITE, MAP_PRIVATE|MAP_FIXED|MAP_ANONYMOUS, -1, 0) = 0x7ffff7cdd000
mmap(0x7ffff7863000, 4096, PROT_READ|PROT_WRITE, MAP_PRIVATE|MAP_FIXED|MAP_ANONYMOUS, -1, 0) = 0x7ffff7863000
mmap(0x7ffff548d000, 4096, PROT_READ|PROT_WRITE, MAP_PRIVATE|MAP_FIXED|MAP_ANONYMOUS, -1, 0) = 0x7ffff548d000
mmap(0x7fffe35dd000, 4096, PROT_READ|PROT_WRITE, MAP_PRIVATE|MAP_FIXED|MAP_ANONYMOUS, -1, 0) = 0x7fffe35dd000
mmap(0x7fffd2c5d000, 4222976, PROT_READ|PROT_WRITE, MAP_PRIVATE|MAP_FIXED|MAP_ANONYMOUS, -1, 0) = 0x7fffd2c5d000
mmap(NULL, 1048576, PROT_READ|PROT_WRITE, MAP_PRIVATE|MAP_ANONYMOUS, -1, 0) = 0x7fffd0a48000
mmap(NULL, 65536, PROT_READ|PROT_WRITE, MAP_PRIVATE|MAP_ANONYMOUS, -1, 0) = 0x7fffd0a38000
mmap(NULL, 65536, PROT_READ|PROT_WRITE, MAP_PRIVATE|MAP_ANONYMOUS, -1, 0) = 0x7fffd0a28000
gettid()                                = 513334
mmap(NULL, 8392704, PROT_NONE, MAP_PRIVATE|MAP_ANONYMOUS|MAP_STACK, -1, 0) = 0x7fffd0227000
clone3({flags=CLONE_VM|CLONE_FS|CLONE_FILES|CLONE_SIGHAND|CLONE_THREAD|CLONE_SYSVSEM|CLONE_SETTLS|CLONE_PARENT_SETTID|CLONE_CHILD_CLEARTID, child_tid=0x7fffd0a27990, parent_tid=0x7fffd0a27990, exit_signal=0, stack=0x7fffd0227000, stack_size=0x7fff80, tls=0x7fffd0a276c0}strace: Process 513335 attached
 => {parent_tid=[513335]}, 88) = 513335
[pid 513334] mmap(NULL, 8392704, PROT_NONE, MAP_PRIVATE|MAP_ANONYMOUS|MAP_STACK, -1, 0) = 0x7fffcb7ff000
strace: Process 513336 attached
[pid 513336] sigaltstack(NULL, strace: Process 513337 attached
[pid 513337] gettid()                   = 513337
strace: Process 513338 attached
strace: Process 513339 attached
strace: Process 513340 attached
[pid 513334] fcntl(0, F_GETFL)          = 0x80002 (flags O_RDWR|O_CLOEXEC)
[pid 513334] fcntl(1, F_GETFL)          = 0x1 (flags O_WRONLY)
[pid 513334] fcntl(3, F_GETFL)          = 0x8000 (flags O_RDONLY|O_LARGEFILE)
[pid 513334] epoll_create1(EPOLL_CLOEXEC) = 4
[pid 513334] fcntl(3, F_GETFL)          = 0x8800 (flags O_RDONLY|O_NONBLOCK|O_LARGEFILE)
[pid 513334] pread64(3, "\177ELF\2\1\1\0\0\0\0\0\0\0\0\0\2\0>\0\1\0\0\0\3203\241\0\0\0\0\0"..., 64, 0) = 64
[pid 513334] pread64(3, "\3031\3001\333H\213\254$8\1\0\0H\201\304@\1\0\0\303\350:^\346\377H\211\371L\211\302"..., 64, 8492588) = 64
[pid 513334] pread64(3, "\376\\u\352\351\266\0\0\0001\311\353\3H\377\301L9\301}\23\17\2664\1\17\37D\0\0@8"..., 64, 12738882) = 64
[pid 513334] pread64(3, "\10\0\0\0H\215X\2H9\331s!H\211D$(H\211\320\277\2\0\0\0H\2155\247\3266"..., 64, 16985176) = 64
[pid 513334] pread64(3, "32Converter).PBValueOf\0google.go"..., 64, 25477764) = 64
[pid 513334] pread64(3, "`\21_\1`0_\1`\21_\1`\21_\1`O_\24\0JY\2)\1\2\2(\1B "..., 64, 29724058) = 64
[pid 513334] mmap(0xc000400000, 4194304, PROT_READ|PROT_WRITE, MAP_PRIVATE|MAP_FIXED|MAP_ANONYMOUS, -1, 0) = 0xc000400000
[pid 513334] mmap(NULL, 262144, PROT_READ|PROT_WRITE, MAP_PRIVATE|MAP_ANONYMOUS, -1, 0) = 0x7fffd0047000
[pid 513334] --- SIGURG {si_signo=SIGURG, si_code=SI_TKILL, si_pid=513334, si_uid=0} ---
[pid 513334] rt_sigreturn({mask=[]})    = 202
[pid 513338] mmap(NULL, 8392704, PROT_NONE, MAP_PRIVATE|MAP_ANONYMOUS|MAP_STACK, -1, 0) = 0x7fffc97fb000
[pid 513338] clone3({flags=CLONE_VM|CLONE_FS|CLONE_FILES|CLONE_SIGHAND|CLONE_THREAD|CLONE_SYSVSEM|CLONE_SETTLS|CLONE_PARENT_SETTID|CLONE_CHILD_CLEARTID, child_tid=0x7fffc9ffb990, parent_tid=0x7fffc9ffb990, exit_signal=0, stack=0x7fffc97fb000, stack_size=0x7fff80, tls=0x7fffc9ffb6c0}strace: Process 513341 attached
 => {parent_tid=[513341]}, 88) = 513341
[pid 513341] --- SIGURG {si_signo=SIGURG, si_code=SI_TKILL, si_pid=513334, si_uid=0} ---
[pid 513341] rt_sigreturn({mask=[]})    = 202
[pid 513334] --- SIGURG {si_signo=SIGURG, si_code=SI_TKILL, si_pid=513334, si_uid=0} ---
[pid 513334] mmap(NULL, 65536, PROT_READ|PROT_WRITE, MAP_PRIVATE|MAP_ANONYMOUS, -1, 0) = 0x7fffc979b000
strace: Process 513342 attached
[pid 513342] rseq(0x7fffc979afe0, 0x20, 0, 0x53053053strace: Process 513343 attached
[pid 513334] --- SIGURG {si_signo=SIGURG, si_code=SI_TKILL, si_pid=513334, si_uid=0} ---
[pid 513338] --- SIGURG {si_signo=SIGURG, si_code=SI_TKILL, si_pid=513334, si_uid=0} ---
[pid 513334] --- SIGURG {si_signo=SIGURG, si_code=SI_TKILL, si_pid=513334, si_uid=0} ---
[pid 513337] --- SIGURG {si_signo=SIGURG, si_code=SI_TKILL, si_pid=513334, si_uid=0} ---
[pid 513334] --- SIGURG {si_signo=SIGURG, si_code=SI_TKILL, si_pid=513334, si_uid=0} ---
[pid 513334] --- SIGURG {si_signo=SIGURG, si_code=SI_TKILL, si_pid=513334, si_uid=0} ---
[pid 513334] --- SIGURG {si_signo=SIGURG, si_code=SI_TKILL, si_pid=513334, si_uid=0} ---
[pid 513334] --- SIGURG {si_signo=SIGURG, si_code=SI_TKILL, si_pid=513334, si_uid=0} ---
[pid 513338] mmap(NULL, 262144, PROT_READ|PROT_WRITE, MAP_PRIVATE|MAP_ANONYMOUS, -1, 0) = 0x7fffc8759000
[pid 513338] mmap(NULL, 262144, PROT_READ|PROT_WRITE, MAP_PRIVATE|MAP_ANONYMOUS, -1, 0) = 0x7fffc8719000
[pid 513334] ioctl(1, TCGETS, 0xc0006bfa4c) = -1 ENOTTY (Inappropriate ioctl for device)
[pid 513337] --- SIGURG {si_signo=SIGURG, si_code=SI_TKILL, si_pid=513334, si_uid=0} ---
[pid 513334] --- SIGURG {si_signo=SIGURG, si_code=SI_TKILL, si_pid=513334, si_uid=0} ---
[pid 513338] --- SIGURG {si_signo=SIGURG, si_code=SI_TKILL, si_pid=513334, si_uid=0} ---
[pid 513339] --- SIGURG {si_signo=SIGURG, si_code=SI_TKILL, si_pid=513334, si_uid=0} ---
[pid 513339] --- SIGURG {si_signo=SIGURG, si_code=SI_TKILL, si_pid=513334, si_uid=0} ---
[pid 513334] --- SIGURG {si_signo=SIGURG, si_code=SI_TKILL, si_pid=513334, si_uid=0} ---
[pid 513334] --- SIGURG {si_signo=SIGURG, si_code=SI_TKILL, si_pid=513334, si_uid=0} ---
[pid 513334] --- SIGURG {si_signo=SIGURG, si_code=SI_TKILL, si_pid=513334, si_uid=0} ---
[pid 513334] --- SIGURG {si_signo=SIGURG, si_code=SI_TKILL, si_pid=513334, si_uid=0} ---
[pid 513337] mmap(NULL, 262144, PROT_READ|PROT_WRITE, MAP_PRIVATE|MAP_ANONYMOUS, -1, 0) = 0x7fffc8699000
[pid 513338] mmap(NULL, 262144, PROT_READ|PROT_WRITE, MAP_PRIVATE|MAP_ANONYMOUS, -1, 0) = 0x7fffc8659000
[pid 513334] mmap(NULL, 262144, PROT_READ|PROT_WRITE, MAP_PRIVATE|MAP_ANONYMOUS, -1, 0) = 0x7fffc8619000
[pid 513334] mmap(0xc000800000, 4194304, PROT_READ|PROT_WRITE, MAP_PRIVATE|MAP_FIXED|MAP_ANONYMOUS, -1, 0) = 0xc000800000
[pid 513334] --- SIGURG {si_signo=SIGURG, si_code=SI_TKILL, si_pid=513334, si_uid=0} ---
[pid 513336] mmap(NULL, 8392704, PROT_NONE, MAP_PRIVATE|MAP_ANONYMOUS|MAP_STACK, -1, 0) = 0x7fffc37ff000
[pid 513336] clone3({flags=CLONE_VM|CLONE_FS|CLONE_FILES|CLONE_SIGHAND|CLONE_THREAD|CLONE_SYSVSEM|CLONE_SETTLS|CLONE_PARENT_SETTID|CLONE_CHILD_CLEARTID, child_tid=0x7fffc3fff990, parent_tid=0x7fffc3fff990, exit_signal=0, stack=0x7fffc37ff000, stack_size=0x7fff80, tls=0x7fffc3fff6c0}strace: Process 513344 attached
 => {parent_tid=[513344]}, 88) = 513344
[pid 513344] mmap(NULL, 134217728, PROT_NONE, MAP_PRIVATE|MAP_ANONYMOUS, -1, 0) = 0x7fff9c000000
[pid 513344] gettid()                   = 513344
[pid 513343] mmap(NULL, 262144, PROT_READ|PROT_WRITE, MAP_PRIVATE|MAP_ANONYMOUS, -1, 0) = 0x7fffc8599000
[pid 513343] mmap(NULL, 8392704, PROT_NONE, MAP_PRIVATE|MAP_ANONYMOUS|MAP_STACK, -1, 0) = 0x7fffc27fd000
[pid 513343] clone3({flags=CLONE_VM|CLONE_FS|CLONE_FILES|CLONE_SIGHAND|CLONE_THREAD|CLONE_SYSVSEM|CLONE_SETTLS|CLONE_PARENT_SETTID|CLONE_CHILD_CLEARTID, child_tid=0x7fffc2ffd990, parent_tid=0x7fffc2ffd990, exit_signal=0, stack=0x7fffc27fd000, stack_size=0x7fff80, tls=0x7fffc2ffd6c0}strace: Process 513345 attached
 => {parent_tid=[513345]}, 88) = 513345
[pid 513341] --- SIGURG {si_signo=SIGURG, si_code=SI_TKILL, si_pid=513334, si_uid=0} ---
[pid 513336] --- SIGURG {si_signo=SIGURG, si_code=SI_TKILL, si_pid=513334, si_uid=0} ---
[pid 513334] --- SIGURG {si_signo=SIGURG, si_code=SI_TKILL, si_pid=513334, si_uid=0} ---
[pid 513334] --- SIGURG {si_signo=SIGURG, si_code=SI_TKILL, si_pid=513334, si_uid=0} ---
[pid 513341] getpid()                   = 513334
[pid 513334] --- SIGURG {si_signo=SIGURG, si_code=SI_TKILL, si_pid=513334, si_uid=0} ---
[pid 513334] rt_sigreturn({mask=[]})    = 128
[pid 513341] getpid()                   = 513334
[pid 513334] --- SIGURG {si_signo=SIGURG, si_code=SI_TKILL, si_pid=513334, si_uid=0} ---
[pid 513334] --- SIGURG {si_signo=SIGURG, si_code=SI_TKILL, si_pid=513334, si_uid=0} ---
[pid 513334] --- SIGURG {si_signo=SIGURG, si_code=SI_TKILL, si_pid=513334, si_uid=0} ---
[pid 513334] --- SIGURG {si_signo=SIGURG, si_code=SI_TKILL, si_pid=513334, si_uid=0} ---
[pid 513336] --- SIGURG {si_signo=SIGURG, si_code=SI_TKILL, si_pid=513334, si_uid=0} ---
[pid 513334] fcntl(3, F_GETFL)          = 0x8000 (flags O_RDONLY|O_LARGEFILE)
[pid 513334] fcntl(3, F_GETFL)          = 0x8800 (flags O_RDONLY|O_NONBLOCK|O_LARGEFILE)
[pid 513334] newfstatat(AT_FDCWD, "/home/buxton/.local/libexec/cni", 0xc000000e08, 0) = -1 ENOENT (No such file or directory)
[pid 513334] socket(AF_NETLINK, SOCK_RAW|SOCK_CLOEXEC, NETLINK_ROUTE) = 3
[pid 513334] sendto(3, [{nlmsg_len=17, nlmsg_type=RTM_GETADDR, nlmsg_flags=NLM_F_REQUEST|NLM_F_DUMP, nlmsg_seq=1, nlmsg_pid=0}, {ifa_family=AF_UNSPEC, ...}], 17, 0, {sa_family=AF_NETLINK, nl_pid=0, nl_groups=00000000}, 12) = 17
[pid 513334] recvfrom(3, [[{nlmsg_len=76, nlmsg_type=RTM_NEWADDR, nlmsg_flags=NLM_F_MULTI, nlmsg_seq=1, nlmsg_pid=513334}, {ifa_family=AF_INET, ifa_prefixlen=8, ifa_flags=IFA_F_PERMANENT, ifa_scope=RT_SCOPE_HOST, ifa_index=if_nametoindex("lo")}, [[{nla_len=8, nla_type=IFA_ADDRESS}, inet_addr("127.0.0.1")], [{nla_len=8, nla_type=IFA_LOCAL}, inet_addr("127.0.0.1")], [{nla_len=7, nla_type=IFA_LABEL}, "lo"], [{nla_len=8, nla_type=IFA_FLAGS}, IFA_F_PERMANENT], [{nla_len=20, nla_type=IFA_CACHEINFO}, {ifa_prefered=4294967295, ifa_valid=4294967295, cstamp=4206310, tstamp=4206310}]]], [{nlmsg_len=80, nlmsg_type=RTM_NEWADDR, nlmsg_flags=NLM_F_MULTI, nlmsg_seq=1, nlmsg_pid=513334}, {ifa_family=AF_INET, ifa_prefixlen=24, ifa_flags=IFA_F_PERMANENT, ifa_scope=RT_SCOPE_UNIVERSE, ifa_index=if_nametoindex("tap0")}, [[{nla_len=8, nla_type=IFA_ADDRESS}, inet_addr("10.0.2.100")], [{nla_len=8, nla_type=IFA_LOCAL}, inet_addr("10.0.2.100")], [{nla_len=9, nla_type=IFA_LABEL}, "tap0"], [{nla_len=8, nla_type=IFA_FLAGS}, IFA_F_PERMANENT], [{nla_len=20, nla_type=IFA_CACHEINFO}, {ifa_prefered=4294967295, ifa_valid=4294967295, cstamp=4206311, tstamp=4206311}]]]], 4096, 0, {sa_family=AF_NETLINK, nl_pid=0, nl_groups=00000000}, [112 => 12]) = 156
[pid 513334] recvfrom(3, [[{nlmsg_len=80, nlmsg_type=RTM_NEWADDR, nlmsg_flags=NLM_F_MULTI, nlmsg_seq=1, nlmsg_pid=513334}, {ifa_family=AF_INET6, ifa_prefixlen=128, ifa_flags=IFA_F_PERMANENT, ifa_scope=RT_SCOPE_HOST, ifa_index=if_nametoindex("lo")}, [[{nla_len=20, nla_type=IFA_ADDRESS}, inet_pton(AF_INET6, "::1")], [{nla_len=20, nla_type=IFA_CACHEINFO}, {ifa_prefered=4294967295, ifa_valid=4294967295, cstamp=4206310, tstamp=4206310}], [{nla_len=8, nla_type=IFA_FLAGS}, IFA_F_PERMANENT], [{nla_len=5, nla_type=IFA_PROTO}, "\x01"]]], [{nlmsg_len=80, nlmsg_type=RTM_NEWADDR, nlmsg_flags=NLM_F_MULTI, nlmsg_seq=1, nlmsg_pid=513334}, {ifa_family=AF_INET6, ifa_prefixlen=64, ifa_flags=IFA_F_PERMANENT, ifa_scope=RT_SCOPE_LINK, ifa_index=if_nametoindex("tap0")}, [[{nla_len=20, nla_type=IFA_ADDRESS}, inet_pton(AF_INET6, "fe80::20c1:caff:fe3b:773b")], [{nla_len=20, nla_type=IFA_CACHEINFO}, {ifa_prefered=4294967295, ifa_valid=4294967295, cstamp=4206310, tstamp=4206310}], [{nla_len=8, nla_type=IFA_FLAGS}, IFA_F_PERMANENT], [{nla_len=5, nla_type=IFA_PROTO}, "\x03"]]], [{nlmsg_len=80, nlmsg_type=RTM_NEWADDR, nlmsg_flags=NLM_F_MULTI, nlmsg_seq=1, nlmsg_pid=513334}, {ifa_family=AF_INET6, ifa_prefixlen=64, ifa_flags=IFA_F_PERMANENT, ifa_scope=RT_SCOPE_LINK, ifa_index=if_nametoindex("nerdctl0")}, [[{nla_len=20, nla_type=IFA_ADDRESS}, inet_pton(AF_INET6, "fe80::dcc2:f5ff:feff:37fa")], [{nla_len=20, nla_type=IFA_CACHEINFO}, {ifa_prefered=4294967295, ifa_valid=4294967295, cstamp=4207815, tstamp=4207815}], [{nla_len=8, nla_type=IFA_FLAGS}, IFA_F_PERMANENT], [{nla_len=5, nla_type=IFA_PROTO}, "\x03"]]]], 4096, 0, {sa_family=AF_NETLINK, nl_pid=0, nl_groups=00000000}, [112 => 12]) = 240
[pid 513334] recvfrom(3, [{nlmsg_len=20, nlmsg_type=NLMSG_DONE, nlmsg_flags=NLM_F_MULTI, nlmsg_seq=1, nlmsg_pid=513334}, 0], 4096, 0, {sa_family=AF_NETLINK, nl_pid=0, nl_groups=00000000}, [112 => 12]) = 20
[pid 513334] socket(AF_NETLINK, SOCK_RAW|SOCK_CLOEXEC, NETLINK_ROUTE) = 3
[pid 513334] sendto(3, [{nlmsg_len=17, nlmsg_type=RTM_GETLINK, nlmsg_flags=NLM_F_REQUEST|NLM_F_DUMP, nlmsg_seq=1, nlmsg_pid=0}, {ifi_family=AF_UNSPEC, ...}], 17, 0, {sa_family=AF_NETLINK, nl_pid=0, nl_groups=00000000}, 12) = 17
[pid 513334] recvfrom(3, [[{nlmsg_len=1388, nlmsg_type=RTM_NEWLINK, nlmsg_flags=NLM_F_MULTI, nlmsg_seq=1, nlmsg_pid=513334}, {ifi_family=AF_UNSPEC, ifi_type=ARPHRD_LOOPBACK, ifi_index=if_nametoindex("lo"), ifi_flags=IFF_UP|IFF_LOOPBACK|IFF_RUNNING|IFF_LOWER_UP, ifi_change=0}, [[{nla_len=7, nla_type=IFLA_IFNAME}, "lo"], [{nla_len=8, nla_type=IFLA_TXQLEN}, 1000], [{nla_len=5, nla_type=IFLA_OPERSTATE}, 0], [{nla_len=5, nla_type=IFLA_LINKMODE}, 0], [{nla_len=8, nla_type=IFLA_MTU}, 65536], [{nla_len=8, nla_type=IFLA_MIN_MTU}, 0], [{nla_len=8, nla_type=IFLA_MAX_MTU}, 0], [{nla_len=8, nla_type=IFLA_GROUP}, 0], [{nla_len=8, nla_type=IFLA_PROMISCUITY}, 0], [{nla_len=8, nla_type=IFLA_ALLMULTI}, 0], [{nla_len=8, nla_type=IFLA_NUM_TX_QUEUES}, 1], [{nla_len=8, nla_type=IFLA_GSO_MAX_SEGS}, 65535], [{nla_len=8, nla_type=IFLA_GSO_MAX_SIZE}, 65536], [{nla_len=8, nla_type=IFLA_GRO_MAX_SIZE}, 65536], [{nla_len=8, nla_type=IFLA_TSO_MAX_SIZE}, 524280], [{nla_len=8, nla_type=IFLA_TSO_MAX_SEGS}, 65535], [{nla_len=8, nla_type=IFLA_NUM_RX_QUEUES}, 1], [{nla_len=5, nla_type=IFLA_CARRIER}, 1], [{nla_len=12, nla_type=IFLA_QDISC}, "noqueue"], [{nla_len=8, nla_type=IFLA_CARRIER_CHANGES}, 0], [{nla_len=8, nla_type=IFLA_CARRIER_UP_COUNT}, 0], [{nla_len=8, nla_type=IFLA_CARRIER_DOWN_COUNT}, 0], [{nla_len=5, nla_type=IFLA_PROTO_DOWN}, 0], [{nla_len=36, nla_type=IFLA_MAP}, {mem_start=0, mem_end=0, base_addr=0, irq=0, dma=0, port=0}], [{nla_len=10, nla_type=IFLA_ADDRESS}, 00:00:00:00:00:00], [{nla_len=10, nla_type=IFLA_BROADCAST}, 00:00:00:00:00:00], [{nla_len=204, nla_type=IFLA_STATS64}, {rx_packets=0, tx_packets=0, rx_bytes=0, tx_bytes=0, rx_errors=0, tx_errors=0, rx_dropped=0, tx_dropped=0, multicast=0, collisions=0, rx_length_errors=0, rx_over_errors=0, rx_crc_errors=0, rx_frame_errors=0, rx_fifo_errors=0, rx_missed_errors=0, tx_aborted_errors=0, tx_carrier_errors=0, tx_fifo_errors=0, tx_heartbeat_errors=0, tx_window_errors=0, rx_compressed=0, tx_compressed=0, rx_nohandler=0, rx_otherhost_dropped=0}], [{nla_len=100, nla_type=IFLA_STATS}, {rx_packets=0, tx_packets=0, rx_bytes=0, tx_bytes=0, rx_errors=0, tx_errors=0, rx_dropped=0, tx_dropped=0, multicast=0, collisions=0, rx_length_errors=0, rx_over_errors=0, rx_crc_errors=0, rx_frame_errors=0, rx_fifo_errors=0, rx_missed_errors=0, tx_aborted_errors=0, tx_carrier_errors=0, tx_fifo_errors=0, tx_heartbeat_errors=0, tx_window_errors=0, rx_compressed=0, tx_compressed=0, rx_nohandler=0}], [{nla_len=12, nla_type=IFLA_XDP}, [{nla_len=5, nla_type=IFLA_XDP_ATTACHED}, XDP_ATTACHED_NONE]], [{nla_len=792, nla_type=IFLA_AF_SPEC}, [[{nla_len=140, nla_type=AF_INET}, [{nla_len=136, nla_type=IFLA_INET_CONF}, [[IPV4_DEVCONF_FORWARDING-1]=1, [IPV4_DEVCONF_MC_FORWARDING-1]=0, [IPV4_DEVCONF_PROXY_ARP-1]=0, [IPV4_DEVCONF_ACCEPT_REDIRECTS-1]=1, [IPV4_DEVCONF_SECURE_REDIRECTS-1]=1, [IPV4_DEVCONF_SEND_REDIRECTS-1]=1, [IPV4_DEVCONF_SHARED_MEDIA-1]=1, [IPV4_DEVCONF_RP_FILTER-1]=2, [IPV4_DEVCONF_ACCEPT_SOURCE_ROUTE-1]=0, [IPV4_DEVCONF_BOOTP_RELAY-1]=0, [IPV4_DEVCONF_LOG_MARTIANS-1]=0, [IPV4_DEVCONF_TAG-1]=0, [IPV4_DEVCONF_ARPFILTER-1]=0, [IPV4_DEVCONF_MEDIUM_ID-1]=0, [IPV4_DEVCONF_NOXFRM-1]=1, [IPV4_DEVCONF_NOPOLICY-1]=1, [IPV4_DEVCONF_FORCE_IGMP_VERSION-1]=0, [IPV4_DEVCONF_ARP_ANNOUNCE-1]=0, [IPV4_DEVCONF_ARP_IGNORE-1]=0, [IPV4_DEVCONF_PROMOTE_SECONDARIES-1]=1, [IPV4_DEVCONF_ARP_ACCEPT-1]=0, [IPV4_DEVCONF_ARP_NOTIFY-1]=0, [IPV4_DEVCONF_ACCEPT_LOCAL-1]=0, [IPV4_DEVCONF_SRC_VMARK-1]=0, [IPV4_DEVCONF_PROXY_ARP_PVLAN-1]=0, [IPV4_DEVCONF_ROUTE_LOCALNET-1]=0, [IPV4_DEVCONF_IGMPV2_UNSOLICITED_REPORT_INTERVAL-1]=10000, [IPV4_DEVCONF_IGMPV3_UNSOLICITED_REPORT_INTERVAL-1]=1000, [IPV4_DEVCONF_IGNORE_ROUTES_WITH_LINKDOWN-1]=0, [IPV4_DEVCONF_DROP_UNICAST_IN_L2_MULTICAST-1]=0, [IPV4_DEVCONF_DROP_GRATUITOUS_ARP-1]=0, [IPV4_DEVCONF_BC_FORWARDING-1]=0, ...]]], [{nla_len=648, nla_type=AF_INET6}, [[{nla_len=8, nla_type=IFLA_INET6_FLAGS}, IF_READY], [{nla_len=20, nla_type=IFLA_INET6_CACHEINFO}, {max_reasm_len=65535, tstamp=4206310, reachable_time=17140, retrans_time=1000}], [{nla_len=236, nla_type=IFLA_INET6_CONF}, [[DEVCONF_FORWARDING]=0, [DEVCONF_HOPLIMIT]=64, [DEVCONF_MTU6]=65536, [DEVCONF_ACCEPT_RA]=1, [DEVCONF_ACCEPT_REDIRECTS]=1, [DEVCONF_AUTOCONF]=1, [DEVCONF_DAD_TRANSMITS]=1, [DEVCONF_RTR_SOLICITS]=-1, [DEVCONF_RTR_SOLICIT_INTERVAL]=4000, [DEVCONF_RTR_SOLICIT_DELAY]=1000, [DEVCONF_USE_TEMPADDR]=-1, [DEVCONF_TEMP_VALID_LFT]=604800, [DEVCONF_TEMP_PREFERED_LFT]=86400, [DEVCONF_REGEN_MAX_RETRY]=3, [DEVCONF_MAX_DESYNC_FACTOR]=600, [DEVCONF_MAX_ADDRESSES]=16, [DEVCONF_FORCE_MLD_VERSION]=0, [DEVCONF_ACCEPT_RA_DEFRTR]=1, [DEVCONF_ACCEPT_RA_PINFO]=1, [DEVCONF_ACCEPT_RA_RTR_PREF]=1, [DEVCONF_RTR_PROBE_INTERVAL]=60000, [DEVCONF_ACCEPT_RA_RT_INFO_MAX_PLEN]=0, [DEVCONF_PROXY_NDP]=0, [DEVCONF_OPTIMISTIC_DAD]=0, [DEVCONF_ACCEPT_SOURCE_ROUTE]=0, [DEVCONF_MC_FORWARDING]=0, [DEVCONF_DISABLE_IPV6]=0, [DEVCONF_ACCEPT_DAD]=-1, [DEVCONF_FORCE_TLLAO]=0, [DEVCONF_NDISC_NOTIFY]=0, [DEVCONF_MLDV1_UNSOLICITED_REPORT_INTERVAL]=10000, [DEVCONF_MLDV2_UNSOLICITED_REPORT_INTERVAL]=1000, ...]], [{nla_len=300, nla_type=IFLA_INET6_STATS}, [[IPSTATS_MIB_NUM]=37, [IPSTATS_MIB_INPKTS]=0, [IPSTATS_MIB_INOCTETS]=0, [IPSTATS_MIB_INDELIVERS]=0, [IPSTATS_MIB_OUTFORWDATAGRAMS]=0, [IPSTATS_MIB_OUTPKTS]=0, [IPSTATS_MIB_OUTOCTETS]=0, [IPSTATS_MIB_INHDRERRORS]=0, [IPSTATS_MIB_INTOOBIGERRORS]=0, [IPSTATS_MIB_INNOROUTES]=0, [IPSTATS_MIB_INADDRERRORS]=0, [IPSTATS_MIB_INUNKNOWNPROTOS]=0, [IPSTATS_MIB_INTRUNCATEDPKTS]=0, [IPSTATS_MIB_INDISCARDS]=0, [IPSTATS_MIB_OUTDISCARDS]=0, [IPSTATS_MIB_OUTNOROUTES]=0, [IPSTATS_MIB_REASMTIMEOUT]=0, [IPSTATS_MIB_REASMREQDS]=0, [IPSTATS_MIB_REASMOKS]=0, [IPSTATS_MIB_REASMFAILS]=0, [IPSTATS_MIB_FRAGOKS]=0, [IPSTATS_MIB_FRAGFAILS]=0, [IPSTATS_MIB_FRAGCREATES]=0, [IPSTATS_MIB_INMCASTPKTS]=0, [IPSTATS_MIB_OUTMCASTPKTS]=0, [IPSTATS_MIB_INBCASTPKTS]=0, [IPSTATS_MIB_OUTBCASTPKTS]=0, [IPSTATS_MIB_INMCASTOCTETS]=0, [IPSTATS_MIB_OUTMCASTOCTETS]=0, [IPSTATS_MIB_INBCASTOCTETS]=0, [IPSTATS_MIB_OUTBCASTOCTETS]=0, [IPSTATS_MIB_CSUMERRORS]=0, ...]], [{nla_len=52, nla_type=IFLA_INET6_ICMP6STATS}, [[ICMP6_MIB_NUM]=6, [ICMP6_MIB_INMSGS]=0, [ICMP6_MIB_INERRORS]=0, [ICMP6_MIB_OUTMSGS]=0, [ICMP6_MIB_OUTERRORS]=0, [ICMP6_MIB_CSUMERRORS]=0]], [{nla_len=20, nla_type=IFLA_INET6_TOKEN}, inet_pton(AF_INET6, "::")], [{nla_len=5, nla_type=IFLA_INET6_ADDR_GEN_MODE}, IN6_ADDR_GEN_MODE_EUI64]]]]]]], [{nlmsg_len=1452, nlmsg_type=RTM_NEWLINK, nlmsg_flags=NLM_F_MULTI, nlmsg_seq=1, nlmsg_pid=513334}, {ifi_family=AF_UNSPEC, ifi_type=ARPHRD_ETHER, ifi_index=if_nametoindex("tap0"), ifi_flags=IFF_UP|IFF_BROADCAST|IFF_RUNNING|IFF_MULTICAST|IFF_LOWER_UP, ifi_change=0}, [[{nla_len=9, nla_type=IFLA_IFNAME}, "tap0"], [{nla_len=8, nla_type=IFLA_TXQLEN}, 1000], [{nla_len=5, nla_type=IFLA_OPERSTATE}, 6], [{nla_len=5, nla_type=IFLA_LINKMODE}, 0], [{nla_len=8, nla_type=IFLA_MTU}, 65520], [{nla_len=8, nla_type=IFLA_MIN_MTU}, 68], [{nla_len=8, nla_type=IFLA_MAX_MTU}, 65521], [{nla_len=8, nla_type=IFLA_GROUP}, 0], [{nla_len=8, nla_type=IFLA_PROMISCUITY}, 0], [{nla_len=8, nla_type=IFLA_ALLMULTI}, 0], [{nla_len=8, nla_type=IFLA_NUM_TX_QUEUES}, 1], [{nla_len=8, nla_type=IFLA_GSO_MAX_SEGS}, 65535], [{nla_len=8, nla_type=IFLA_GSO_MAX_SIZE}, 65536], [{nla_len=8, nla_type=IFLA_GRO_MAX_SIZE}, 65536], [{nla_len=8, nla_type=IFLA_TSO_MAX_SIZE}, 65536], [{nla_len=8, nla_type=IFLA_TSO_MAX_SEGS}, 65535], [{nla_len=8, nla_type=IFLA_NUM_RX_QUEUES}, 1], [{nla_len=5, nla_type=IFLA_CARRIER}, 1], [{nla_len=13, nla_type=IFLA_QDISC}, "fq_codel"], [{nla_len=8, nla_type=IFLA_CARRIER_CHANGES}, 2], [{nla_len=8, nla_type=IFLA_CARRIER_UP_COUNT}, 1], [{nla_len=8, nla_type=IFLA_CARRIER_DOWN_COUNT}, 1], [{nla_len=5, nla_type=IFLA_PROTO_DOWN}, 0], [{nla_len=36, nla_type=IFLA_MAP}, {mem_start=0, mem_end=0, base_addr=0, irq=0, dma=0, port=0}], [{nla_len=10, nla_type=IFLA_ADDRESS}, 22:c1:ca:3b:77:3b], [{nla_len=10, nla_type=IFLA_BROADCAST}, ff:ff:ff:ff:ff:ff], [{nla_len=204, nla_type=IFLA_STATS64}, {rx_packets=70, tx_packets=92, rx_bytes=49938, tx_bytes=19463, rx_errors=0, tx_errors=0, rx_dropped=0, tx_dropped=0, multicast=0, collisions=0, rx_length_errors=0, rx_over_errors=0, rx_crc_errors=0, rx_frame_errors=0, rx_fifo_errors=0, rx_missed_errors=0, tx_aborted_errors=0, tx_carrier_errors=0, tx_fifo_errors=0, tx_heartbeat_errors=0, tx_window_errors=0, rx_compressed=0, tx_compressed=0, rx_nohandler=0, rx_otherhost_dropped=0}], [{nla_len=100, nla_type=IFLA_STATS}, {rx_packets=70, tx_packets=92, rx_bytes=49938, tx_bytes=19463, rx_errors=0, tx_errors=0, rx_dropped=0, tx_dropped=0, multicast=0, collisions=0, rx_length_errors=0, rx_over_errors=0, rx_crc_errors=0, rx_frame_errors=0, rx_fifo_errors=0, rx_missed_errors=0, tx_aborted_errors=0, tx_carrier_errors=0, tx_fifo_errors=0, tx_heartbeat_errors=0, tx_window_errors=0, rx_compressed=0, tx_compressed=0, rx_nohandler=0}], [{nla_len=12, nla_type=IFLA_XDP}, [{nla_len=5, nla_type=IFLA_XDP_ATTACHED}, XDP_ATTACHED_NONE]], [{nla_len=56, nla_type=IFLA_LINKINFO}, [[{nla_len=8, nla_type=IFLA_INFO_KIND}, "tun"], [{nla_len=44, nla_type=IFLA_INFO_DATA}, [[{nla_len=5, nla_type=IFLA_TUN_TYPE}, IFF_TAP], [{nla_len=5, nla_type=IFLA_TUN_PI}, 0], [{nla_len=5, nla_type=IFLA_TUN_VNET_HDR}, 0], [{nla_len=5, nla_type=IFLA_TUN_PERSIST}, 1], [{nla_len=5, nla_type=IFLA_TUN_MULTI_QUEUE}, 0]]]]], [{nla_len=792, nla_type=IFLA_AF_SPEC}, [[{nla_len=140, nla_type=AF_INET}, [{nla_len=136, nla_type=IFLA_INET_CONF}, [[IPV4_DEVCONF_FORWARDING-1]=1, [IPV4_DEVCONF_MC_FORWARDING-1]=0, [IPV4_DEVCONF_PROXY_ARP-1]=0, [IPV4_DEVCONF_ACCEPT_REDIRECTS-1]=1, [IPV4_DEVCONF_SECURE_REDIRECTS-1]=1, [IPV4_DEVCONF_SEND_REDIRECTS-1]=1, [IPV4_DEVCONF_SHARED_MEDIA-1]=1, [IPV4_DEVCONF_RP_FILTER-1]=2, [IPV4_DEVCONF_ACCEPT_SOURCE_ROUTE-1]=0, [IPV4_DEVCONF_BOOTP_RELAY-1]=0, [IPV4_DEVCONF_LOG_MARTIANS-1]=0, [IPV4_DEVCONF_TAG-1]=0, [IPV4_DEVCONF_ARPFILTER-1]=0, [IPV4_DEVCONF_MEDIUM_ID-1]=0, [IPV4_DEVCONF_NOXFRM-1]=0, [IPV4_DEVCONF_NOPOLICY-1]=0, [IPV4_DEVCONF_FORCE_IGMP_VERSION-1]=0, [IPV4_DEVCONF_ARP_ANNOUNCE-1]=0, [IPV4_DEVCONF_ARP_IGNORE-1]=0, [IPV4_DEVCONF_PROMOTE_SECONDARIES-1]=1, [IPV4_DEVCONF_ARP_ACCEPT-1]=0, [IPV4_DEVCONF_ARP_NOTIFY-1]=0, [IPV4_DEVCONF_ACCEPT_LOCAL-1]=0, [IPV4_DEVCONF_SRC_VMARK-1]=0, [IPV4_DEVCONF_PROXY_ARP_PVLAN-1]=0, [IPV4_DEVCONF_ROUTE_LOCALNET-1]=0, [IPV4_DEVCONF_IGMPV2_UNSOLICITED_REPORT_INTERVAL-1]=10000, [IPV4_DEVCONF_IGMPV3_UNSOLICITED_REPORT_INTERVAL-1]=1000, [IPV4_DEVCONF_IGNORE_ROUTES_WITH_LINKDOWN-1]=0, [IPV4_DEVCONF_DROP_UNICAST_IN_L2_MULTICAST-1]=0, [IPV4_DEVCONF_DROP_GRATUITOUS_ARP-1]=0, [IPV4_DEVCONF_BC_FORWARDING-1]=0, ...]]], [{nla_len=648, nla_type=AF_INET6}, [[{nla_len=8, nla_type=IFLA_INET6_FLAGS}, IF_RS_SENT|IF_READY], [{nla_len=20, nla_type=IFLA_INET6_CACHEINFO}, {max_reasm_len=65535, tstamp=4206310, reachable_time=21265, retrans_time=1000}], [{nla_len=236, nla_type=IFLA_INET6_CONF}, [[DEVCONF_FORWARDING]=0, [DEVCONF_HOPLIMIT]=64, [DEVCONF_MTU6]=65520, [DEVCONF_ACCEPT_RA]=1, [DEVCONF_ACCEPT_REDIRECTS]=1, [DEVCONF_AUTOCONF]=1, [DEVCONF_DAD_TRANSMITS]=1, [DEVCONF_RTR_SOLICITS]=-1, [DEVCONF_RTR_SOLICIT_INTERVAL]=4000, [DEVCONF_RTR_SOLICIT_DELAY]=1000, [DEVCONF_USE_TEMPADDR]=0, [DEVCONF_TEMP_VALID_LFT]=604800, [DEVCONF_TEMP_PREFERED_LFT]=86400, [DEVCONF_REGEN_MAX_RETRY]=3, [DEVCONF_MAX_DESYNC_FACTOR]=600, [DEVCONF_MAX_ADDRESSES]=16, [DEVCONF_FORCE_MLD_VERSION]=0, [DEVCONF_ACCEPT_RA_DEFRTR]=1, [DEVCONF_ACCEPT_RA_PINFO]=1, [DEVCONF_ACCEPT_RA_RTR_PREF]=1, [DEVCONF_RTR_PROBE_INTERVAL]=60000, [DEVCONF_ACCEPT_RA_RT_INFO_MAX_PLEN]=0, [DEVCONF_PROXY_NDP]=0, [DEVCONF_OPTIMISTIC_DAD]=0, [DEVCONF_ACCEPT_SOURCE_ROUTE]=0, [DEVCONF_MC_FORWARDING]=0, [DEVCONF_DISABLE_IPV6]=0, [DEVCONF_ACCEPT_DAD]=1, [DEVCONF_FORCE_TLLAO]=0, [DEVCONF_NDISC_NOTIFY]=0, [DEVCONF_MLDV1_UNSOLICITED_REPORT_INTERVAL]=10000, [DEVCONF_MLDV2_UNSOLICITED_REPORT_INTERVAL]=1000, ...]], [{nla_len=300, nla_type=IFLA_INET6_STATS}, [[IPSTATS_MIB_NUM]=37, [IPSTATS_MIB_INPKTS]=0, [IPSTATS_MIB_INOCTETS]=0, [IPSTATS_MIB_INDELIVERS]=0, [IPSTATS_MIB_OUTFORWDATAGRAMS]=0, [IPSTATS_MIB_OUTPKTS]=13, [IPSTATS_MIB_OUTOCTETS]=824, [IPSTATS_MIB_INHDRERRORS]=0, [IPSTATS_MIB_INTOOBIGERRORS]=0, [IPSTATS_MIB_INNOROUTES]=0, [IPSTATS_MIB_INADDRERRORS]=0, [IPSTATS_MIB_INUNKNOWNPROTOS]=0, [IPSTATS_MIB_INTRUNCATEDPKTS]=0, [IPSTATS_MIB_INDISCARDS]=0, [IPSTATS_MIB_OUTDISCARDS]=0, [IPSTATS_MIB_OUTNOROUTES]=0, [IPSTATS_MIB_REASMTIMEOUT]=0, [IPSTATS_MIB_REASMREQDS]=0, [IPSTATS_MIB_REASMOKS]=0, [IPSTATS_MIB_REASMFAILS]=0, [IPSTATS_MIB_FRAGOKS]=0, [IPSTATS_MIB_FRAGFAILS]=0, [IPSTATS_MIB_FRAGCREATES]=0, [IPSTATS_MIB_INMCASTPKTS]=0, [IPSTATS_MIB_OUTMCASTPKTS]=13, [IPSTATS_MIB_INBCASTPKTS]=0, [IPSTATS_MIB_OUTBCASTPKTS]=0, [IPSTATS_MIB_INMCASTOCTETS]=0, [IPSTATS_MIB_OUTMCASTOCTETS]=824, [IPSTATS_MIB_INBCASTOCTETS]=0, [IPSTATS_MIB_OUTBCASTOCTETS]=0, [IPSTATS_MIB_CSUMERRORS]=0, ...]], [{nla_len=52, nla_type=IFLA_INET6_ICMP6STATS}, [[ICMP6_MIB_NUM]=6, [ICMP6_MIB_INMSGS]=0, [ICMP6_MIB_INERRORS]=0, [ICMP6_MIB_OUTMSGS]=13, [ICMP6_MIB_OUTERRORS]=0, [ICMP6_MIB_CSUMERRORS]=0]], [{nla_len=20, nla_type=IFLA_INET6_TOKEN}, inet_pton(AF_INET6, "::")], [{nla_len=5, nla_type=IFLA_INET6_ADDR_GEN_MODE}, IN6_ADDR_GEN_MODE_EUI64]]]]]]]], 4096, 0, {sa_family=AF_NETLINK, nl_pid=0, nl_groups=00000000}, [112 => 12]) = 2840
[pid 513334] recvfrom(3, [{nlmsg_len=1824, nlmsg_type=RTM_NEWLINK, nlmsg_flags=NLM_F_MULTI, nlmsg_seq=1, nlmsg_pid=513334}, {ifi_family=AF_UNSPEC, ifi_type=ARPHRD_ETHER, ifi_index=if_nametoindex("nerdctl0"), ifi_flags=IFF_UP|IFF_BROADCAST|IFF_MULTICAST, ifi_change=0}, [[{nla_len=13, nla_type=IFLA_IFNAME}, "nerdctl0"], [{nla_len=8, nla_type=IFLA_TXQLEN}, 1000], [{nla_len=5, nla_type=IFLA_OPERSTATE}, 2], [{nla_len=5, nla_type=IFLA_LINKMODE}, 0], [{nla_len=8, nla_type=IFLA_MTU}, 1500], [{nla_len=8, nla_type=IFLA_MIN_MTU}, 68], [{nla_len=8, nla_type=IFLA_MAX_MTU}, 65535], [{nla_len=8, nla_type=IFLA_GROUP}, 0], [{nla_len=8, nla_type=IFLA_PROMISCUITY}, 0], [{nla_len=8, nla_type=IFLA_ALLMULTI}, 0], [{nla_len=8, nla_type=IFLA_NUM_TX_QUEUES}, 1], [{nla_len=8, nla_type=IFLA_GSO_MAX_SEGS}, 65535], [{nla_len=8, nla_type=IFLA_GSO_MAX_SIZE}, 65536], [{nla_len=8, nla_type=IFLA_GRO_MAX_SIZE}, 65536], [{nla_len=8, nla_type=IFLA_TSO_MAX_SIZE}, 524280], [{nla_len=8, nla_type=IFLA_TSO_MAX_SEGS}, 65535], [{nla_len=8, nla_type=IFLA_NUM_RX_QUEUES}, 1], [{nla_len=5, nla_type=IFLA_CARRIER}, 0], [{nla_len=12, nla_type=IFLA_QDISC}, "noqueue"], [{nla_len=8, nla_type=IFLA_CARRIER_CHANGES}, 1], [{nla_len=8, nla_type=IFLA_CARRIER_UP_COUNT}, 0], [{nla_len=8, nla_type=IFLA_CARRIER_DOWN_COUNT}, 1], [{nla_len=5, nla_type=IFLA_PROTO_DOWN}, 0], [{nla_len=36, nla_type=IFLA_MAP}, {mem_start=0, mem_end=0, base_addr=0, irq=0, dma=0, port=0}], [{nla_len=10, nla_type=IFLA_ADDRESS}, 00:00:00:00:00:00], [{nla_len=10, nla_type=IFLA_BROADCAST}, ff:ff:ff:ff:ff:ff], [{nla_len=204, nla_type=IFLA_STATS64}, {rx_packets=0, tx_packets=5, rx_bytes=0, tx_bytes=414, rx_errors=0, tx_errors=0, rx_dropped=0, tx_dropped=0, multicast=0, collisions=0, rx_length_errors=0, rx_over_errors=0, rx_crc_errors=0, rx_frame_errors=0, rx_fifo_errors=0, rx_missed_errors=0, tx_aborted_errors=0, tx_carrier_errors=0, tx_fifo_errors=0, tx_heartbeat_errors=0, tx_window_errors=0, rx_compressed=0, tx_compressed=0, rx_nohandler=0, rx_otherhost_dropped=0}], [{nla_len=100, nla_type=IFLA_STATS}, {rx_packets=0, tx_packets=5, rx_bytes=0, tx_bytes=414, rx_errors=0, tx_errors=0, rx_dropped=0, tx_dropped=0, multicast=0, collisions=0, rx_length_errors=0, rx_over_errors=0, rx_crc_errors=0, rx_frame_errors=0, rx_fifo_errors=0, rx_missed_errors=0, tx_aborted_errors=0, tx_carrier_errors=0, tx_fifo_errors=0, tx_heartbeat_errors=0, tx_window_errors=0, rx_compressed=0, tx_compressed=0, rx_nohandler=0}], [{nla_len=12, nla_type=IFLA_XDP}, [{nla_len=5, nla_type=IFLA_XDP_ATTACHED}, XDP_ATTACHED_NONE]], [{nla_len=428, nla_type=IFLA_LINKINFO}, [[{nla_len=11, nla_type=IFLA_INFO_KIND}, "bridge"], [{nla_len=412, nla_type=IFLA_INFO_DATA}, [[{nla_len=12, nla_type=IFLA_BR_HELLO_TIMER}, 0], [{nla_len=12, nla_type=IFLA_BR_TCN_TIMER}, 0], [{nla_len=12, nla_type=IFLA_BR_TOPOLOGY_CHANGE_TIMER}, 0], [{nla_len=12, nla_type=IFLA_BR_GC_TIMER}, 10752 /* 107.52 s */], [{nla_len=8, nla_type=IFLA_BR_FORWARD_DELAY}, 1500 /* 15.00 s */], [{nla_len=8, nla_type=IFLA_BR_HELLO_TIME}, 200 /* 2.00 s */], [{nla_len=8, nla_type=IFLA_BR_MAX_AGE}, 2000 /* 20.00 s */], [{nla_len=8, nla_type=IFLA_BR_AGEING_TIME}, 30000 /* 300.00 s */], [{nla_len=8, nla_type=IFLA_BR_STP_STATE}, 0], [{nla_len=6, nla_type=IFLA_BR_PRIORITY}, 32768], [{nla_len=5, nla_type=IFLA_BR_VLAN_FILTERING}, 0], [{nla_len=6, nla_type=IFLA_BR_GROUP_FWD_MASK}, 0], [{nla_len=12, nla_type=IFLA_BR_BRIDGE_ID}, {prio=[128, 0], addr=00:00:00:00:00:00}], [{nla_len=12, nla_type=IFLA_BR_ROOT_ID}, {prio=[128, 0], addr=00:00:00:00:00:00}], [{nla_len=6, nla_type=IFLA_BR_ROOT_PORT}, 0], [{nla_len=8, nla_type=IFLA_BR_ROOT_PATH_COST}, 0], [{nla_len=5, nla_type=IFLA_BR_TOPOLOGY_CHANGE}, 0], [{nla_len=5, nla_type=IFLA_BR_TOPOLOGY_CHANGE_DETECTED}, 0], [{nla_len=10, nla_type=IFLA_BR_GROUP_ADDR}, 01:80:c2:00:00:00], [{nla_len=12, nla_type=IFLA_BR_MULTI_BOOLOPT}, {optval=0, optmask=1<<BR_BOOLOPT_NO_LL_LEARN|1<<BR_BOOLOPT_MCAST_VLAN_SNOOPING|1<<BR_BOOLOPT_MST_ENABLE}], [{nla_len=6, nla_type=IFLA_BR_VLAN_PROTOCOL}, htons(ETH_P_8021Q)], [{nla_len=6, nla_type=IFLA_BR_VLAN_DEFAULT_PVID}, 1], [{nla_len=5, nla_type=IFLA_BR_VLAN_STATS_ENABLED}, 0], [{nla_len=5, nla_type=IFLA_BR_VLAN_STATS_PER_PORT}, 0], [{nla_len=5, nla_type=IFLA_BR_MCAST_ROUTER}, 1], [{nla_len=5, nla_type=IFLA_BR_MCAST_SNOOPING}, 1], [{nla_len=5, nla_type=IFLA_BR_MCAST_QUERY_USE_IFADDR}, 0], [{nla_len=5, nla_type=IFLA_BR_MCAST_QUERIER}, 0], [{nla_len=5, nla_type=IFLA_BR_MCAST_STATS_ENABLED}, 0], [{nla_len=8, nla_type=IFLA_BR_MCAST_HASH_ELASTICITY}, 16], [{nla_len=8, nla_type=IFLA_BR_MCAST_HASH_MAX}, 4096], [{nla_len=8, nla_type=IFLA_BR_MCAST_LAST_MEMBER_CNT}, 2], ...]]]], [{nla_len=792, nla_type=IFLA_AF_SPEC}, [[{nla_len=140, nla_type=AF_INET}, [{nla_len=136, nla_type=IFLA_INET_CONF}, [[IPV4_DEVCONF_FORWARDING-1]=1, [IPV4_DEVCONF_MC_FORWARDING-1]=0, [IPV4_DEVCONF_PROXY_ARP-1]=0, [IPV4_DEVCONF_ACCEPT_REDIRECTS-1]=1, [IPV4_DEVCONF_SECURE_REDIRECTS-1]=1, [IPV4_DEVCONF_SEND_REDIRECTS-1]=1, [IPV4_DEVCONF_SHARED_MEDIA-1]=1, [IPV4_DEVCONF_RP_FILTER-1]=2, [IPV4_DEVCONF_ACCEPT_SOURCE_ROUTE-1]=0, [IPV4_DEVCONF_BOOTP_RELAY-1]=0, [IPV4_DEVCONF_LOG_MARTIANS-1]=0, [IPV4_DEVCONF_TAG-1]=0, [IPV4_DEVCONF_ARPFILTER-1]=0, [IPV4_DEVCONF_MEDIUM_ID-1]=0, [IPV4_DEVCONF_NOXFRM-1]=0, [IPV4_DEVCONF_NOPOLICY-1]=0, [IPV4_DEVCONF_FORCE_IGMP_VERSION-1]=0, [IPV4_DEVCONF_ARP_ANNOUNCE-1]=0, [IPV4_DEVCONF_ARP_IGNORE-1]=0, [IPV4_DEVCONF_PROMOTE_SECONDARIES-1]=1, [IPV4_DEVCONF_ARP_ACCEPT-1]=0, [IPV4_DEVCONF_ARP_NOTIFY-1]=0, [IPV4_DEVCONF_ACCEPT_LOCAL-1]=0, [IPV4_DEVCONF_SRC_VMARK-1]=0, [IPV4_DEVCONF_PROXY_ARP_PVLAN-1]=0, [IPV4_DEVCONF_ROUTE_LOCALNET-1]=0, [IPV4_DEVCONF_IGMPV2_UNSOLICITED_REPORT_INTERVAL-1]=10000, [IPV4_DEVCONF_IGMPV3_UNSOLICITED_REPORT_INTERVAL-1]=1000, [IPV4_DEVCONF_IGNORE_ROUTES_WITH_LINKDOWN-1]=0, [IPV4_DEVCONF_DROP_UNICAST_IN_L2_MULTICAST-1]=0, [IPV4_DEVCONF_DROP_GRATUITOUS_ARP-1]=0, [IPV4_DEVCONF_BC_FORWARDING-1]=0, ...]]], [{nla_len=648, nla_type=AF_INET6}, [[{nla_len=8, nla_type=IFLA_INET6_FLAGS}, IF_READY], [{nla_len=20, nla_type=IFLA_INET6_CACHEINFO}, {max_reasm_len=65535, tstamp=4207815, reachable_time=26178, retrans_time=1000}], [{nla_len=236, nla_type=IFLA_INET6_CONF}, [[DEVCONF_FORWARDING]=0, [DEVCONF_HOPLIMIT]=64, [DEVCONF_MTU6]=1500, [DEVCONF_ACCEPT_RA]=0, [DEVCONF_ACCEPT_REDIRECTS]=1, [DEVCONF_AUTOCONF]=1, [DEVCONF_DAD_TRANSMITS]=1, [DEVCONF_RTR_SOLICITS]=-1, [DEVCONF_RTR_SOLICIT_INTERVAL]=4000, [DEVCONF_RTR_SOLICIT_DELAY]=1000, [DEVCONF_USE_TEMPADDR]=0, [DEVCONF_TEMP_VALID_LFT]=604800, [DEVCONF_TEMP_PREFERED_LFT]=86400, [DEVCONF_REGEN_MAX_RETRY]=3, [DEVCONF_MAX_DESYNC_FACTOR]=600, [DEVCONF_MAX_ADDRESSES]=16, [DEVCONF_FORCE_MLD_VERSION]=0, [DEVCONF_ACCEPT_RA_DEFRTR]=1, [DEVCONF_ACCEPT_RA_PINFO]=1, [DEVCONF_ACCEPT_RA_RTR_PREF]=1, [DEVCONF_RTR_PROBE_INTERVAL]=60000, [DEVCONF_ACCEPT_RA_RT_INFO_MAX_PLEN]=0, [DEVCONF_PROXY_NDP]=0, [DEVCONF_OPTIMISTIC_DAD]=0, [DEVCONF_ACCEPT_SOURCE_ROUTE]=0, [DEVCONF_MC_FORWARDING]=0, [DEVCONF_DISABLE_IPV6]=0, [DEVCONF_ACCEPT_DAD]=1, [DEVCONF_FORCE_TLLAO]=0, [DEVCONF_NDISC_NOTIFY]=0, [DEVCONF_MLDV1_UNSOLICITED_REPORT_INTERVAL]=10000, [DEVCONF_MLDV2_UNSOLICITED_REPORT_INTERVAL]=1000, ...]], [{nla_len=300, nla_type=IFLA_INET6_STATS}, [[IPSTATS_MIB_NUM]=37, [IPSTATS_MIB_INPKTS]=0, [IPSTATS_MIB_INOCTETS]=0, [IPSTATS_MIB_INDELIVERS]=0, [IPSTATS_MIB_OUTFORWDATAGRAMS]=0, [IPSTATS_MIB_OUTPKTS]=5, [IPSTATS_MIB_OUTOCTETS]=456, [IPSTATS_MIB_INHDRERRORS]=0, [IPSTATS_MIB_INTOOBIGERRORS]=0, [IPSTATS_MIB_INNOROUTES]=0, [IPSTATS_MIB_INADDRERRORS]=0, [IPSTATS_MIB_INUNKNOWNPROTOS]=0, [IPSTATS_MIB_INTRUNCATEDPKTS]=0, [IPSTATS_MIB_INDISCARDS]=0, [IPSTATS_MIB_OUTDISCARDS]=2, [IPSTATS_MIB_OUTNOROUTES]=0, [IPSTATS_MIB_REASMTIMEOUT]=0, [IPSTATS_MIB_REASMREQDS]=0, [IPSTATS_MIB_REASMOKS]=0, [IPSTATS_MIB_REASMFAILS]=0, [IPSTATS_MIB_FRAGOKS]=0, [IPSTATS_MIB_FRAGFAILS]=0, [IPSTATS_MIB_FRAGCREATES]=0, [IPSTATS_MIB_INMCASTPKTS]=0, [IPSTATS_MIB_OUTMCASTPKTS]=5, [IPSTATS_MIB_INBCASTPKTS]=0, [IPSTATS_MIB_OUTBCASTPKTS]=0, [IPSTATS_MIB_INMCASTOCTETS]=0, [IPSTATS_MIB_OUTMCASTOCTETS]=456, [IPSTATS_MIB_INBCASTOCTETS]=0, [IPSTATS_MIB_OUTBCASTOCTETS]=0, [IPSTATS_MIB_CSUMERRORS]=0, ...]], [{nla_len=52, nla_type=IFLA_INET6_ICMP6STATS}, [[ICMP6_MIB_NUM]=6, [ICMP6_MIB_INMSGS]=0, [ICMP6_MIB_INERRORS]=0, [ICMP6_MIB_OUTMSGS]=3, [ICMP6_MIB_OUTERRORS]=0, [ICMP6_MIB_CSUMERRORS]=0]], [{nla_len=20, nla_type=IFLA_INET6_TOKEN}, inet_pton(AF_INET6, "::")], [{nla_len=5, nla_type=IFLA_INET6_ADDR_GEN_MODE}, IN6_ADDR_GEN_MODE_EUI64]]]]]]], 4096, 0, {sa_family=AF_NETLINK, nl_pid=0, nl_groups=00000000}, [112 => 12]) = 1824
[pid 513334] recvfrom(3, [{nlmsg_len=20, nlmsg_type=NLMSG_DONE, nlmsg_flags=NLM_F_MULTI, nlmsg_seq=1, nlmsg_pid=513334}, 0], 4096, 0, {sa_family=AF_NETLINK, nl_pid=0, nl_groups=00000000}, [112 => 12]) = 20
[pid 513334] openat(AT_FDCWD, "/home/buxton/Documents/pdtpartners/nix-snapshotter/build/nerdctl/nerdctl.toml", O_RDONLY|O_CLOEXEC) = 3
[pid 513334] fcntl(3, F_GETFL)          = 0x8000 (flags O_RDONLY|O_LARGEFILE)
[pid 513334] fcntl(3, F_GETFL)          = 0x8800 (flags O_RDONLY|O_NONBLOCK|O_LARGEFILE)
[pid 513334] read(3, "address         = \"/home/buxton/"..., 512) = 389
[pid 513334] readlinkat(AT_FDCWD, "/proc/self/exe", "/nix/store/gxs6sbh3wl7pim7qp412s"..., 128) = 78
[pid 513334] openat(AT_FDCWD, "/etc/localtime", O_RDONLY) = 3
[pid 513334] read(3, "TZif2\0\0\0\0\0\0\0\0\0\0\0\0\0\0\0\0\0\0\10\0\0\0\10\0\0\0\0"..., 4096) = 3664
[pid 513336] read(5, "\0", 16)          = 1
[pid 513341] write(3, "PRI * HTTP/2.0\r\n\r\nSM\r\n\r\n", 24) = 24
[pid 513334] epoll_pwait(4, [{events=EPOLLIN|EPOLLOUT, data={u32=3491692264, u64=140736685080296}}], 128, 999, NULL, 0) = 1
[pid 513345] write(3, "\0\0\0\4\1\0\0\0\0", 9) = 9
[pid 513336] getrandom("\x32\x06\x48\xbd\x07\xf0\xb7\x1d\xce\xb2\xe4\x5a\xc7\x19\x19\xfa\x55\x55\x13\x1f\x54\xb7\xd9\x46\x85\xd7\x36\x7c\x23\x04\x62\x4a", 32, 0) = 32
[pid 513336] newfstatat(AT_FDCWD, "/home/buxton/Documents/pdtpartners/nix-snapshotter/build/nerdctl/root/f903f60e/containers/default/320648bd07f0b71dceb2e45ac71919fa5555131f54b7d94685d7367c2304624a", 0xc0005d2928, 0) = -1 ENOENT (No such file or directory)
[pid 513336] openat(AT_FDCWD, "/sys/module/apparmor/parameters/enabled", O_RDONLY|O_CLOEXEC) = 7
[pid 513336] fcntl(7, F_GETFL)          = 0x8000 (flags O_RDONLY|O_LARGEFILE)
[pid 513336] read(7, "N\n", 4097)       = 2
[pid 513341] write(3, "\0\0d\1\4\0\0\0\1\203\206E\236`\207\251#5E\262E\320[;\230\205B\346\244s\25\v"..., 109) = 109
[pid 513334] epoll_pwait(4, [{events=EPOLLIN|EPOLLOUT, data={u32=3491692264, u64=140736685080296}}], 128, 0, NULL, 0) = 1
[pid 513334] read(3, "\0\0\4\10\0\0\0\0\0\0\0\0\264\0\0\10\6\0\0\0\0\0\2\4\20\20\t\16\7\7", 32768) = 30
[pid 513341] read(3, "\0\0\16\1\4\0\0\0\1\210_\213\35u\320b\r&=LMed\0\0\273\0\0\0\0\0\1"..., 32768) = 252
[pid 513336] read(3, "\0\0\10\6\1\0\0\0\0\2\4\20\20\t\16\7\7", 32768) = 17
[pid 513336] read(3, 0xc0009ae000, 32768) = -1 EAGAIN (Resource temporarily unavailable)
[pid 513341] read(3, "\0\0\4\10\0\0\0\0\0\0\0\0N\0\0\10\6\0\0\0\0\0\2\4\20\20\t\16\7\7", 32768) = 30
[pid 513341] epoll_pwait(4, [{events=EPOLLIN|EPOLLOUT, data={u32=3491692264, u64=140736685080296}}], 128, 0, NULL, 0) = 1
[pid 513336] epoll_pwait(4, [{events=EPOLLIN|EPOLLOUT, data={u32=3491692264, u64=140736685080296}}], 128, 994, NULL, 0) = 1
[pid 513336] read(3, "\0\0\4\10\0\0\0\0\0\0\0\0Q\0\0\10\6\0\0\0\0\0\2\4\20\20\t\16\7\7", 32768) = 30
[pid 513336] epoll_pwait(4, [{events=EPOLLIN|EPOLLOUT, data={u32=3491692264, u64=140736685080296}}], 128, 994, NULL, 0) = 1
[pid 513336] read(3, "\0\0\2\1\4\0\0\0\5\210\300\0\3\272\0\0\0\0\0\5\0\0\0\3\265\22\262\7{\n  "..., 32768) = 985
[pid 513341] epoll_pwait(4, [{events=EPOLLIN|EPOLLOUT, data={u32=3491692264, u64=140736685080296}}], 128, 0, NULL, 0) = 1
[pid 513334] write(3, "\0\0\10\6\1\0\0\0\0\2\4\20\20\t\16\7\7", 17) = 17
[pid 513336] epoll_pwait(4, [{events=EPOLLIN|EPOLLOUT, data={u32=3491692264, u64=140736685080296}}], 128, 991, NULL, 0) = 1
[pid 513336] read(3, "\0\0\2\1\4\0\0\0\t\210\300\0\1?\0\0\0\0\0\t\0\0\0\1:\22\267\2{\n  "..., 32768) = 350
[pid 513336] epoll_pwait(4, [{events=EPOLLIN|EPOLLOUT, data={u32=3491692264, u64=140736685080296}}], 128, 0, NULL, 0) = 1
[pid 513336] read(3, 0xc0009ae000, 32768) = -1 EAGAIN (Resource temporarily unavailable)
[pid 513345] epoll_pwait(4, [{events=EPOLLIN|EPOLLOUT, data={u32=3491692264, u64=140736685080296}}], 128, 0, NULL, 0) = 1
[pid 513334] epoll_pwait(4, [{events=EPOLLOUT, data={u32=3491692264, u64=140736685080296}}], 128, 0, NULL, 0) = 1
[pid 513336] read(3, 0xc0009ae000, 32768) = -1 EAGAIN (Resource temporarily unavailable)
[pid 513345] read(3, "\0\0\2\1\4\0\0\0\r\210\300\0\3\272\0\0\0\0\0\r\0\0\0\3\265\22\262\7{\n  "..., 32768) = 985
[pid 513339] epoll_pwait(4, [{events=EPOLLIN|EPOLLOUT, data={u32=3491692264, u64=140736685080296}}], 128, 0, NULL, 0) = 1
[pid 513336] epoll_pwait(4, [{events=EPOLLIN|EPOLLOUT, data={u32=3491692264, u64=140736685080296}}], 128, 0, NULL, 0) = 1
[pid 513345] write(3, "\0\0\10\6\1\0\0\0\0\2\4\20\20\t\16\7\7", 17) = 17
[pid 513336] write(3, "\0\0\10\1\4\0\0\0\21\203\206\276\304\303\302\301\300\0\0Q\0\1\0\0\0\21\0\0\0\0L\n"..., 107) = 107
[pid 513334] epoll_pwait(4, [{events=EPOLLIN|EPOLLOUT, data={u32=3491692264, u64=140736685080296}}], 128, 987, NULL, 0) = 1
[pid 513335] epoll_pwait(4, [{events=EPOLLOUT, data={u32=3491692264, u64=140736685080296}}], 128, 0, NULL, 0) = 1
[pid 513341] epoll_pwait(4, [{events=EPOLLOUT, data={u32=3491692264, u64=140736685080296}}], 128, 0, NULL, 0) = 1
[pid 513336] read(3, "\0\0\10\6\1\0\0\0\0\2\4\20\20\t\16\7\7", 32768) = 17
[pid 513341] epoll_pwait(4, [{events=EPOLLIN|EPOLLOUT, data={u32=3491692264, u64=140736685080296}}], 128, 0, NULL, 0) = 1
[pid 513336] write(3, "\0\0\10\6\1\0\0\0\0\2\4\20\20\t\16\7\7", 17) = 17
[pid 513334] epoll_pwait(4, [{events=EPOLLIN|EPOLLOUT, data={u32=3491692264, u64=140736685080296}}], 128, 962, NULL, 0) = 1
[pid 513334] read(3, "\0\0\2\1\4\0\0\0\23\210\300\0\2[\0\0\0\0\0\23\0\0\0\2V\n\323\4\nGsh"..., 32768) = 634
[pid 513334] read(3, 0xc0009ae000, 32768) = -1 EAGAIN (Resource temporarily unavailable)
[pid 513334] write(3, "\0\0(\1\4\0\0\0\25\203\206E\237`\207\251#5E\262E\320[;\230\205B\364\24h*\27"..., 133) = 133
[pid 513345] epoll_pwait(4, [{events=EPOLLIN|EPOLLOUT, data={u32=3491692264, u64=140736685080296}}], 128, 959, NULL, 0) = 1
[pid 513334] epoll_pwait(4, [{events=EPOLLIN|EPOLLOUT, data={u32=3491692264, u64=140736685080296}}], 128, 959, NULL, 0) = 1
[pid 513334] read(3, "\0\0\2\1\4\0\0\0\25\210\300\0\0[\0\0\0\0\0\25\0\0\0\0V\nT\n\016362"..., 32768) = 122
[pid 513341] read(3, 0xc0009ae000, 32768) = -1 EAGAIN (Resource temporarily unavailable)
[pid 513345] write(3, "\0\0!\1\4\0\0\0\27\203\206\301\306\305\304\303@\213!\352H\315Ql\221j\n4\27\213e\301"..., 129) = 129
[pid 513341] read(3, "\0\0\4\10\0\0\0\0\0\0\0\0N\0\0\10\6\0\0\0\0\0\2\4\20\20\t\16\7\7", 32768) = 30
[pid 513334] epoll_pwait(4, [{events=EPOLLOUT, data={u32=3491692264, u64=140736685080296}}], 128, 0, NULL, 0) = 1
[pid 513345] read(3, 0xc0009ae000, 32768) = -1 EAGAIN (Resource temporarily unavailable)
[pid 513334] epoll_pwait(4, [{events=EPOLLIN|EPOLLOUT, data={u32=3491692264, u64=140736685080296}}], 128, 952, NULL, 0) = 1
[pid 513334] read(3, "\0\0\4\10\0\0\0\0\0\0\0\0N\0\0\10\6\0\0\0\0\0\2\4\20\20\t\16\7\7", 32768) = 30
[pid 513336] epoll_pwait(4, [{events=EPOLLIN|EPOLLOUT, data={u32=3491692264, u64=140736685080296}}], 128, 951, NULL, 0) = 1
[pid 513345] epoll_pwait(4, [{events=EPOLLOUT, data={u32=3491692264, u64=140736685080296}}], 128, 0, NULL, 0) = 1
[pid 513336] read(3, "\0\0\4\10\0\0\0\0\0\0\0\0S\0\0\10\6\0\0\0\0\0\2\4\20\20\t\16\7\7", 32768) = 30
[pid 513336] write(3, "\0\0\10\6\1\0\0\0\0\2\4\20\20\t\16\7\7", 17) = 17
[pid 513336] epoll_pwait(4, [{events=EPOLLOUT, data={u32=3491692264, u64=140736685080296}}], 128, 0, NULL, 0) = 1
[pid 513336] read(3, "\0\0\2\1\4\0\0\0%\210\300\0\1\213\0\0\0\0\0%\0\0\0\1\206\n\203\3\nGsh"..., 32768) = 426
[pid 513334] epoll_pwait(4, [{events=EPOLLOUT, data={u32=3491692264, u64=140736685080296}}], 128, 0, NULL, 0) = 1
[pid 513345] --- SIGURG {si_signo=SIGURG, si_code=SI_TKILL, si_pid=513334, si_uid=0} ---
[pid 513336] epoll_pwait(4, [{events=EPOLLIN|EPOLLOUT, data={u32=3491692264, u64=140736685080296}}], 128, 0, NULL, 0) = 1
[pid 513336] epoll_pwait(4, [{events=EPOLLIN|EPOLLOUT, data={u32=3491692264, u64=140736685080296}}], 128, 904, NULL, 0) = 1
[pid 513334] epoll_pwait(4, [{events=EPOLLIN|EPOLLOUT, data={u32=3491692264, u64=140736685080296}}], 128, 0, NULL, 0) = 1
[pid 513336] read(3, "\0\0\4\10\0\0\0\0\0\0\0\0N\0\0\10\6\0\0\0\0\0\2\4\20\20\t\16\7\7", 32768) = 30
[pid 513334] epoll_pwait(4, [{events=EPOLLOUT, data={u32=3491692264, u64=140736685080296}}], 128, 900, NULL, 0) = 1
[pid 513336] read(3, 0xc0009ae000, 32768) = -1 EAGAIN (Resource temporarily unavailable)
[pid 513341] epoll_pwait(4, [{events=EPOLLIN|EPOLLOUT, data={u32=3491692264, u64=140736685080296}}], 128, 899, NULL, 0) = 1
[pid 513341] read(3, "\0\0\4\10\0\0\0\0\0\0\0\0N\0\0\10\6\0\0\0\0\0\2\4\20\20\t\16\7\7", 32768) = 30
[pid 513336] epoll_pwait(4, [{events=EPOLLOUT, data={u32=3491692264, u64=140736685080296}}], 128, 0, NULL, 0) = 1
[pid 513345] epoll_pwait(4, [{events=EPOLLIN|EPOLLOUT, data={u32=3491692264, u64=140736685080296}}], 128, 0, NULL, 0) = 1
[pid 513341] umount2("/tmp/nix-shell.LYymQZ/initialC3087923226", 0) = -1 EBUSY (Device or resource busy)
[pid 513341] write(6, "\0", 1)          = 1
[pid 513334] read(5, "\0", 16)          = 1
[pid 513341] --- SIGURG {si_signo=SIGURG, si_code=SI_TKILL, si_pid=513334, si_uid=0} ---
[pid 513334] write(6, "\0", 1)          = 1
[pid 513341] write(6, "\0", 1)          = 1
[pid 513341] write(6, "\0", 1)          = 1
[pid 513334] read(5, "\0", 16)          = 1
[pid 513334] read(5, "\0", 16)          = 1
[pid 513334] read(5, "\0", 16)          = 1
[pid 513334] --- SIGURG {si_signo=SIGURG, si_code=SI_TKILL, si_pid=513334, si_uid=0} ---
[pid 513334] read(5, "\0", 16)          = 1
[pid 513341] write(6, "\0", 1)          = 1
[pid 513334] read(5, "\0", 16)          = 1
[pid 513334] write(6, "\0", 1)          = 1
[pid 513334] read(5, "\0", 16)          = 1
[pid 513341] read(5, "\0", 16)          = 1
[pid 513341] --- SIGURG {si_signo=SIGURG, si_code=SI_TKILL, si_pid=513334, si_uid=0} ---
[pid 513341] rt_sigreturn({mask=[]})    = 202
[pid 513341] read(5, "\0", 16)          = 1
[pid 513341] write(6, "\0", 1)          = 1
[pid 513334] read(5, "\0", 16)          = 1
[pid 513341] write(6, "\0", 1)          = 1
[pid 513334] read(5, "\0", 16)          = 1
[pid 513341] read(5, "\0", 16)          = 1
[pid 513341] write(6, "\0", 1)          = 1
[pid 513345] fcntl(7, F_GETFL)          = 0x8001 (flags O_WRONLY|O_LARGEFILE)
[pid 513345] fcntl(7, F_GETFL)          = 0x8801 (flags O_WRONLY|O_NONBLOCK|O_LARGEFILE)
[pid 513335] getpid()                   = 513334
[pid 513345] --- SIGURG {si_signo=SIGURG, si_code=SI_TKILL, si_pid=513334, si_uid=0} ---
[pid 513345] rt_sigreturn({mask=[]})    = 7
[pid 513345] fcntl(7, F_GETFL)          = 0x8001 (flags O_WRONLY|O_LARGEFILE)
[pid 513345] fcntl(7, F_GETFL)          = 0x8801 (flags O_WRONLY|O_NONBLOCK|O_LARGEFILE)
[pid 513345] write(7, "{\"driver\":\"json-file\"}", 22) = 22
[pid 513345] openat(AT_FDCWD, "/home/buxton/Documents/pdtpartners/nix-snapshotter/build/cni/net/nerdctl-bridge.conflist", O_RDONLY|O_CLOEXEC) = 7
[pid 513345] read(7, "{\n  \"cniVersion\": \"1.0.0\",\n  \"na"..., 861) = 860
[pid 513336] fcntl(8, F_GETFL)          = 0x8000 (flags O_RDONLY|O_LARGEFILE)
[pid 513336] fcntl(8, F_GETFL)          = 0x8800 (flags O_RDONLY|O_NONBLOCK|O_LARGEFILE)
[pid 513336] fcntl(8, F_GETFL)          = 0x8000 (flags O_RDONLY|O_LARGEFILE)
[pid 513336] fcntl(8, F_GETFL)          = 0x8800 (flags O_RDONLY|O_NONBLOCK|O_LARGEFILE)
[pid 513336] read(8, "nameserver 10.0.2.3\n", 512) = 20
[pid 513336] openat(AT_FDCWD, "/home/buxton/Documents/pdtpartners/nix-snapshotter/build/nerdctl/root/f903f60e/containers/default/320648bd07f0b71dceb2e45ac71919fa5555131f54b7d94685d7367c2304624a/resolv.conf", O_WRONLY|O_CREAT|O_TRUNC|O_CLOEXEC, 0644) = 8
[pid 513336] fcntl(8, F_GETFL)          = 0x8001 (flags O_WRONLY|O_LARGEFILE)
[pid 513336] fcntl(8, F_GETFL)          = 0x8000 (flags O_RDONLY|O_LARGEFILE)
[pid 513336] fcntl(8, F_GETFL)          = 0x8800 (flags O_RDONLY|O_NONBLOCK|O_LARGEFILE)
[pid 513336] fcntl(9, F_GETFL)          = 0x8000 (flags O_RDONLY|O_LARGEFILE)
[pid 513336] fcntl(9, F_GETFL)          = 0x8800 (flags O_RDONLY|O_NONBLOCK|O_LARGEFILE)
[pid 513336] fcntl(8, F_GETFL)          = 0x8001 (flags O_WRONLY|O_LARGEFILE)
[pid 513336] fcntl(8, F_GETFL)          = 0x8801 (flags O_WRONLY|O_NONBLOCK|O_LARGEFILE)
[pid 513336] write(8, "320648bd07f0\n", 13) = 13
[pid 513336] openat(AT_FDCWD, "/home/buxton/Documents/pdtpartners/nix-snapshotter/build/nerdctl/root/f903f60e/names/default", O_RDONLY|O_CLOEXEC) = 8
[pid 513336] fcntl(8, F_GETFL)          = 0x8000 (flags O_RDONLY|O_LARGEFILE)
[pid 513336] fcntl(10, F_GETFL)         = 0x8001 (flags O_WRONLY|O_LARGEFILE)
[pid 513336] getrandom("\xc1\xf8\x42", 3, 0) = 3
[pid 513341] epoll_pwait(4, [{events=EPOLLIN|EPOLLOUT, data={u32=3491692264, u64=140736685080296}}], 128, -1, NULL, 0) = 1
[pid 513336] epoll_pwait(4, [{events=EPOLLIN|EPOLLOUT, data={u32=3491692264, u64=140736685080296}}], 128, -1, NULL, 0) = 1
[pid 513334] epoll_pwait(4, [{events=EPOLLIN|EPOLLOUT, data={u32=3491692264, u64=140736685080296}}], 128, 0, NULL, 0) = 1
[pid 513334] write(3, "\0\0\10\6\1\0\0\0\0\2\4\20\20\t\16\7\7", 17) = 17
[pid 513345] epoll_pwait(4, [{events=EPOLLIN|EPOLLOUT, data={u32=3491692264, u64=140736685080296}}], 128, -1, NULL, 0) = 1
[pid 513345] read(3, 0xc0009ae000, 32768) = -1 EAGAIN (Resource temporarily unavailable)
[pid 513339] epoll_pwait(4, [{events=EPOLLIN|EPOLLOUT, data={u32=3491692264, u64=140736685080296}}], 128, 0, NULL, 0) = 1
[pid 513336] epoll_pwait(4, [{events=EPOLLIN|EPOLLOUT, data={u32=3491692264, u64=140736685080296}}], 128, 0, NULL, 0) = 1
[pid 513345] read(3, "\0\0\10\6\1\0\0\0\0\2\4\20\20\t\16\7\7", 32768) = 17
[pid 513341] epoll_pwait(4, [{events=EPOLLIN|EPOLLOUT, data={u32=3491692264, u64=140736685080296}}], 128, 0, NULL, 0) = 1
[pid 513339] epoll_pwait(4, [{events=EPOLLIN|EPOLLOUT, data={u32=3491692264, u64=140736685080296}}], 128, 0, NULL, 0) = 1
[pid 513339] read(3, 0xc0009ae000, 32768) = -1 EAGAIN (Resource temporarily unavailable)
[pid 513345] epoll_pwait(4, [{events=EPOLLIN|EPOLLOUT, data={u32=3491692264, u64=140736685080296}}], 128, -1, NULL, 0) = 1
[pid 513336] epoll_pwait(4, [{events=EPOLLIN|EPOLLOUT, data={u32=3491692264, u64=140736685080296}}], 128, 0, NULL, 0) = 1
[pid 513345] epoll_pwait(4, [{events=EPOLLIN|EPOLLOUT, data={u32=3491692264, u64=140736685080296}}], 128, -1, NULL, 0) = 1
[pid 513341] epoll_pwait(4, [{events=EPOLLIN|EPOLLOUT, data={u32=3491692264, u64=140736685080296}}], 128, 0, NULL, 0) = 1
[pid 513336] read(3, 0xc0009ae000, 32768) = -1 EAGAIN (Resource temporarily unavailable)
[pid 513345] read(3, 0xc0009ae000, 32768) = -1 EAGAIN (Resource temporarily unavailable)
[pid 513341] epoll_pwait(4, [{events=EPOLLIN|EPOLLOUT, data={u32=3491692264, u64=140736685080296}}], 128, 0, NULL, 0) = 1
[pid 513345] epoll_pwait(4, [{events=EPOLLOUT, data={u32=3491692264, u64=140736685080296}}], 128, 0, NULL, 0) = 1
[pid 513336] write(3, "\0\0\t\1\4\0\0\0U\203\206\310\315\314\313\312\300\311\0\0N\0\1\0\0\0U\0\0\0\0I"..., 105) = 105
[pid 513334] read(3, "\0\0\4\10\0\0\0\0\0\0\0\0Q\0\0\10\6\0\0\0\0\0\2\4\20\20\t\16\7\7", 32768) = 30
[pid 513334] write(3, "\0\0\10\6\1\0\0\0\0\2\4\20\20\t\16\7\7", 17) = 17
[pid 513341] read(3, "\0\0\4\10\0\0\0\0\0\0\0\0N\0\0\10\6\0\0\0\0\0\2\4\20\20\t\16\7\7", 32768) = 30
[pid 513336] read(3, "\0\0\2\1\4\0\0\0Y\210\300\0\1\33\0\0\0\0\0Y\0\0\0\1\26\n\223\2\nGsh"..., 32768) = 314
[pid 513336] read(3, 0xc0009ae000, 32768) = -1 EAGAIN (Resource temporarily unavailable)
[pid 513341] read(3, "\0\0\10\6\1\0\0\0\0\2\4\20\20\t\16\7\7", 32768) = 17
[pid 513341] read(3, 0xc0009ae000, 32768) = -1 EAGAIN (Resource temporarily unavailable)
[pid 513336] newfstatat(AT_FDCWD, "/run/user/1001/containerd-mount3783956976/etc/group", 0xc000cb7ca8, AT_SYMLINK_NOFOLLOW) = -1 ENOENT (No such file or directory)
[pid 513336] openat(AT_FDCWD, "/run/user/1001/containerd-mount3783956976/etc/group", O_RDONLY|O_CLOEXEC) = -1 ENOENT (No such file or directory)
[pid 513336] umount2("/run/user/1001/containerd-mount3783956976/nix/store/g2m8kfw7kpgpph05v2fxcx4d5an09hl3-hello-2.12.1", 0) = -1 EINVAL (Invalid argument)
[pid 513336] umount2("/run/user/1001/containerd-mount3783956976/nix/store/5mh5019jigj0k14rdnjam1xwk5avn1id-libidn2-2.3.2", 0) = -1 EINVAL (Invalid argument)
[pid 513336] umount2("/run/user/1001/containerd-mount3783956976/nix/store/4nlgxhb09sdr51nc9hdm8az5b08vzkgx-glibc-2.35-163", 0) = -1 EINVAL (Invalid argument)
[pid 513336] umount2("/run/user/1001/containerd-mount3783956976/nix/store/34xlpp3j3vy7ksn09zh44f1c04w77khf-libunistring-1.0", 0) = -1 EINVAL (Invalid argument)
[pid 513336] unlinkat(AT_FDCWD, "/run/user/1001/containerd-mount3783956976", 0) = -1 EISDIR (Is a directory)
[pid 513345] write(3, "\0007\236\0\1\0\0\0_28fpf1b4agqrh6h85f-gola"..., 14247) = 14247
[pid 513341] read(3, 0xc0009ae000, 32768) = -1 EAGAIN (Resource temporarily unavailable)
[pid 513345] read(3, "are:/nix/store/nwr1mzf8vkl7d4\0007\270"..., 32768) = 14313
[pid 513336] epoll_pwait(4, [{events=EPOLLIN|EPOLLOUT, data={u32=3491692264, u64=140736685080296}}], 128, 0, NULL, 0) = 1
[pid 513336] read(3, 0xc0009ae000, 32768) = -1 EAGAIN (Resource temporarily unavailable)
[pid 513336] write(3, "\0\0\10\6\1\0\0\0\0\2\4\20\20\t\16\7\7", 17) = 17
[pid 513339] epoll_pwait(4, [{events=EPOLLIN|EPOLLOUT, data={u32=3491692264, u64=140736685080296}}], 128, -1, NULL, 0) = 1
[pid 513339] read(3, 0xc0009ae000, 32768) = -1 EAGAIN (Resource temporarily unavailable)
[pid 513341] openat(AT_FDCWD, "/run/containerd/fifo/19657570/320648bd07f0b71dceb2e45ac71919fa5555131f54b7d94685d7367c2304624a-stdout", O_RDONLY|O_CLOEXEC|O_PATH) = 8
[pid 513341] fcntl(8, F_GETFL)          = 0x200000 (flags O_RDONLY|O_PATH)
[pid 513341] openat(AT_FDCWD, "/run/containerd/fifo/19657570/320648bd07f0b71dceb2e45ac71919fa5555131f54b7d94685d7367c2304624a-stderr", O_RDONLY|O_CLOEXEC|O_PATH) = 10
[pid 513341] fcntl(10, F_GETFL)         = 0x200000 (flags O_RDONLY|O_PATH)
[pid 513341] fcntl(10, F_SETFL, O_RDONLY|O_NONBLOCK|O_PATH) = -1 EBADF (Bad file descriptor)
[pid 513336] read(3, 0xc0009ae000, 32768) = -1 EAGAIN (Resource temporarily unavailable)
strace: Process 513360 attached
[pid 513345] --- SIGURG {si_signo=SIGURG, si_code=SI_TKILL, si_pid=513334, si_uid=0} ---
[pid 513343] --- SIGURG {si_signo=SIGURG, si_code=SI_TKILL, si_pid=513334, si_uid=0} ---
[pid 513338] --- SIGURG {si_signo=SIGURG, si_code=SI_TKILL, si_pid=513334, si_uid=0} ---
[pid 513342] --- SIGURG {si_signo=SIGURG, si_code=SI_TKILL, si_pid=513334, si_uid=0} ---
[pid 513336] epoll_pwait(4, strace: Process 513361 attached
strace: Process 513362 attached
strace: Process 513363 attached
[pid 513345] --- SIGURG {si_signo=SIGURG, si_code=SI_TKILL, si_pid=513334, si_uid=0} ---
[pid 513361] --- SIGURG {si_signo=SIGURG, si_code=SI_TKILL, si_pid=513334, si_uid=0} ---
[pid 513342] --- SIGURG {si_signo=SIGURG, si_code=SI_TKILL, si_pid=513334, si_uid=0} ---
[pid 513337] --- SIGURG {si_signo=SIGURG, si_code=SI_TKILL, si_pid=513334, si_uid=0} ---
[pid 513338] --- SIGURG {si_signo=SIGURG, si_code=SI_TKILL, si_pid=513334, si_uid=0} ---
[pid 513345] --- SIGURG {si_signo=SIGURG, si_code=SI_TKILL, si_pid=513334, si_uid=0} ---
[pid 513344] --- SIGURG {si_signo=SIGURG, si_code=SI_TKILL, si_pid=513334, si_uid=0} ---
[pid 513341] --- SIGURG {si_signo=SIGURG, si_code=SI_TKILL, si_pid=513334, si_uid=0} ---
[pid 513343] --- SIGURG {si_signo=SIGURG, si_code=SI_TKILL, si_pid=513334, si_uid=0} ---
[pid 513344] --- SIGURG {si_signo=SIGURG, si_code=SI_TKILL, si_pid=513334, si_uid=0} ---
[pid 513342] --- SIGURG {si_signo=SIGURG, si_code=SI_TKILL, si_pid=513334, si_uid=0} ---
[pid 513363] --- SIGURG {si_signo=SIGURG, si_code=SI_TKILL, si_pid=513334, si_uid=0} ---
[pid 513363] --- SIGURG {si_signo=SIGURG, si_code=SI_TKILL, si_pid=513334, si_uid=0} ---
[pid 513345] --- SIGURG {si_signo=SIGURG, si_code=SI_TKILL, si_pid=513334, si_uid=0} ---
[pid 513344] --- SIGURG {si_signo=SIGURG, si_code=SI_TKILL, si_pid=513334, si_uid=0} ---
[pid 513345] --- SIGURG {si_signo=SIGURG, si_code=SI_TKILL, si_pid=513334, si_uid=0} ---
[pid 513360] --- SIGURG {si_signo=SIGURG, si_code=SI_TKILL, si_pid=513334, si_uid=0} ---
[pid 513345] --- SIGURG {si_signo=SIGURG, si_code=SI_TKILL, si_pid=513334, si_uid=0} ---
[pid 513345] rt_sigreturn({mask=[]})    = 513334
[pid 513360] --- SIGURG {si_signo=SIGURG, si_code=SI_TKILL, si_pid=513334, si_uid=0} ---
[pid 513345] tgkill(513334, 513360, SIGURGstrace: Process 513364 attached
[pid 513360] --- SIGURG {si_signo=SIGURG, si_code=SI_TKILL, si_pid=513334, si_uid=0} ---
[pid 513345] --- SIGURG {si_signo=SIGURG, si_code=SI_TKILL, si_pid=513334, si_uid=0} ---
[pid 513345] --- SIGURG {si_signo=SIGURG, si_code=SI_TKILL, si_pid=513334, si_uid=0} ---
[pid 513360] getpid()                   = 513334
[pid 513345] --- SIGURG {si_signo=SIGURG, si_code=SI_TKILL, si_pid=513334, si_uid=0} ---
[pid 513345] --- SIGURG {si_signo=SIGURG, si_code=SI_TKILL, si_pid=513334, si_uid=0} ---
[pid 513360] getpid()                   = 513334
[pid 513345] --- SIGURG {si_signo=SIGURG, si_code=SI_TKILL, si_pid=513334, si_uid=0} ---
[pid 513360] write(3, "\0\0'\1\4\0\0\0k\203\206E\236`\207\251#5E\262E\320[;\230\205B\351\32:\241~"..., 48) = 48
[pid 513361] epoll_pwait(4, [{events=EPOLLIN|EPOLLOUT, data={u32=3491692264, u64=140736685080296}}], 128, 0, NULL, 0) = 1
[pid 513345] read(3, 0xc0009ae000, 32768) = -1 EAGAIN (Resource temporarily unavailable)
[pid 513339] --- SIGURG {si_signo=SIGURG, si_code=SI_TKILL, si_pid=513334, si_uid=0} ---
[pid 513334] --- SIGURG {si_signo=SIGURG, si_code=SI_TKILL, si_pid=513334, si_uid=0} ---
[pid 513345] openat(AT_FDCWD, "/run/containerd/fifo", O_RDONLY|O_CLOEXEC) = 8
[pid 513345] fcntl(8, F_GETFL)          = 0x8000 (flags O_RDONLY|O_LARGEFILE)
[pid 513345] fcntl(8, F_GETFL)          = 0x8800 (flags O_RDONLY|O_NONBLOCK|O_LARGEFILE)
[pid 513345] unlinkat(8, "19657570", 0) = -1 EISDIR (Is a directory)
[pid 513345] fcntl(9, F_GETFL)          = 0x8000 (flags O_RDONLY|O_LARGEFILE)
[pid 513345] fcntl(9, F_GETFL)          = 0x8800 (flags O_RDONLY|O_NONBLOCK|O_LARGEFILE)
[pid 513345] getdents64(9, 0xc000f0a000 /* 4 entries */, 8192) = 240
[pid 513361] epoll_pwait(4, [{events=EPOLLIN|EPOLLOUT, data={u32=3491692264, u64=140736685080296}}], 128, -1, NULL, 0) = 1
[pid 513361] write(3, "\0\0\10\6\1\0\0\0\0\2\4\20\20\t\16\7\7", 17) = 17
[pid 513360] epoll_pwait(4, [{events=EPOLLIN|EPOLLOUT, data={u32=3491692264, u64=140736685080296}}], 128, -1, NULL, 0) = 1
[pid 513334] epoll_pwait(4, [{events=EPOLLIN|EPOLLOUT, data={u32=3491692264, u64=140736685080296}}], 128, -1, NULL, 0) = 1
[pid 513360] read(3, "\0\0\4\1\5\0\0\0q\210\304\277\276", 32768) = 13
[pid 513334] write(3, "\0\0\10\1\4\0\0\0s\203\206\300\322\321\320\317\316\0\0G\0\1\0\0\0s\0\0\0\0B\n"..., 97) = 97
[pid 513334] read(3, "are:/nix/store/nwr1mzf8vkl7d4\0007\270"..., 32768) = 14313
[pid 513334] read(3, 0xc0009ae000, 32768) = -1 EAGAIN (Resource temporarily unavailable)
[pid 513339] write(3, "\0\0\4\10\0\0\0\0\0\0\0@\0\0\0\10\6\0\0\0\0\0\2\4\20\20\t\16\7\7\0\0"..., 43) = 43
[pid 513361] epoll_pwait(4, [{events=EPOLLIN|EPOLLOUT, data={u32=3491692264, u64=140736685080296}}], 128, -1, NULL, 0) = 1
[pid 513339] read(3, "\0\0\4\10\0\0\0\0\0\0\0\0L\0\0\10\6\0\0\0\0\0\2\4\20\20\t\16\7\7", 32768) = 30
[pid 513334] read(3, "\0\0\10\6\1\0\0\0\0\2\4\20\20\t\16\7\7", 32768) = 17
[pid 513334] epoll_pwait(4, [{events=EPOLLIN|EPOLLOUT, data={u32=3491692264, u64=140736685080296}}], 128, -1, NULL, 0) = 1
[pid 513334] fcntl(8, F_GETFL)          = 0x8800 (flags O_RDONLY|O_NONBLOCK|O_LARGEFILE)
[pid 513334] unlinkat(8, "320648bd07f0b71dceb2e45ac71919fa5555131f54b7d94685d7367c2304624a", 0) = -1 EISDIR (Is a directory)
[pid 513334] openat(8, "320648bd07f0b71dceb2e45ac71919fa5555131f54b7d94685d7367c2304624a", O_RDONLY|O_CLOEXEC) = 9
[pid 513334] fcntl(9, F_GETFL)          = 0x8000 (flags O_RDONLY|O_LARGEFILE)
[pid 513334] getdents64(9, 0xc000f0a000 /* 8 entries */, 8192) = 344
[pid 513334] openat(AT_FDCWD, "/home/buxton/Documents/pdtpartners/nix-snapshotter/build/nerdctl/root/f903f60e/names/default", O_RDONLY|O_CLOEXEC) = 8
[pid 513334] fcntl(8, F_GETFL)          = 0x8000 (flags O_RDONLY|O_LARGEFILE)
[pid 513334] fcntl(9, F_GETFL)          = 0x8000 (flags O_RDONLY|O_LARGEFILE)
[pid 513334] fcntl(9, F_GETFL)          = 0x8800 (flags O_RDONLY|O_NONBLOCK|O_LARGEFILE)
[pid 513334] openat(AT_FDCWD, "/home/buxton/Documents/pdtpartners/nix-snapshotter/build/nerdctl/root/f903f60e/etchosts", O_RDONLY|O_CLOEXEC) = 8
[pid 513334] unlinkat(AT_FDCWD, "/home/buxton/Documents/pdtpartners/nix-snapshotter/build/nerdctl/root/f903f60e/etchosts/default/320648bd07f0b71dceb2e45ac71919fa5555131f54b7d94685d7367c2304624a", AT_REMOVEDIR) = -1 ENOTEMPTY (Directory not empty)
[pid 513334] fcntl(9, F_GETFL)          = 0x8000 (flags O_RDONLY|O_LARGEFILE)
[pid 513334] fcntl(9, F_GETFL)          = 0x8800 (flags O_RDONLY|O_NONBLOCK|O_LARGEFILE)
[pid 513334] openat(9, "320648bd07f0b71dceb2e45ac71919fa5555131f54b7d94685d7367c2304624a", O_RDONLY|O_CLOEXEC) = 10
[pid 513334] fcntl(10, F_GETFL)         = 0x8800 (flags O_RDONLY|O_NONBLOCK|O_LARGEFILE)
[pid 513334] write(3, "\0\0\10\1\4\0\0\0y\203\206\302\324\323\322\321\320\0\0G\0\1\0\0\0y\0\0\0\0B\n"..., 97) = 97
[pid 513360] epoll_pwait(4, [{events=EPOLLIN|EPOLLOUT, data={u32=3491692264, u64=140736685080296}}], 128, -1, NULL, 0) = 1
[pid 513360] read(3, "\0\0\4\10\0\0\0\0\0\0\0\0G\0\0\10\6\0\0\0\0\0\2\4\20\20\t\16\7\7", 32768) = 30
[pid 513339] write(2, "time=\"2023-08-22T17:22:41+01:00\""..., 657time="2023-08-22T17:22:41+01:00" level=fatal msg="failed to create shim task: OCI runtime create failed: runc create failed: unable to start container process: error during container init: error running hook #0: error running hook: exit status 1, stdout: , stderr: time=\"2023-08-22T17:22:41+01:00\" level=fatal msg=\"failed to call cni.Setup: plugin type=\\\"bridge\\\" failed (add): permission denied\"\nFailed to write to log, write /home/buxton/Documents/pdtpartners/nix-snapshotter/build/nerdctl/root/f903f60e/containers/default/320648bd07f0b71dceb2e45ac71919fa5555131f54b7d94685d7367c2304624a/oci-hook.createRuntime.log: file already closed: unknown"
) = 657
[pid 513364] +++ exited with 1 +++
[pid 513363] +++ exited with 1 +++
[pid 513362] +++ exited with 1 +++
[pid 513361] +++ exited with 1 +++
[pid 513360] +++ exited with 1 +++
[pid 513345] +++ exited with 1 +++
[pid 513344] +++ exited with 1 +++
[pid 513343] +++ exited with 1 +++
[pid 513342] +++ exited with 1 +++
[pid 513341] +++ exited with 1 +++
[pid 513340] +++ exited with 1 +++
[pid 513339] +++ exited with 1 +++
[pid 513338] +++ exited with 1 +++
[pid 513337] +++ exited with 1 +++
[pid 513336] +++ exited with 1 +++
[pid 513335] +++ exited with 1 +++
+++ exited with 1 +++
